2023-10-09 17:13:24-:INFO: -- 配对次数：1
2023-10-09 17:13:56-:INFO: -- 配对配网成功次数：1
2023-10-09 17:13:56-:INFO: -- 配对时长：0:00:32.100401
2023-10-09 17:17:20-:INFO: -- 配对次数：2
2023-10-09 17:17:49-:INFO: -- 配对配网成功次数：2
2023-10-09 17:17:49-:INFO: -- 配对时长：0:00:28.851620
2023-10-09 17:18:27-:INFO: -- 配对次数：3
2023-10-09 17:19:03-:INFO: -- 配对配网成功次数：3
2023-10-09 17:19:03-:INFO: -- 配对时长：0:00:36.093648
2023-10-09 17:19:45-:INFO: -- 配对次数：4
2023-10-09 17:20:09-:INFO: -- 配对配网成功次数：4
2023-10-09 17:20:09-:INFO: -- 配对时长：0:00:24.667244
2023-10-09 17:23:27-:INFO: -- 配对次数：5
2023-10-09 17:23:53-:INFO: -- 配对配网成功次数：5
2023-10-09 17:23:53-:INFO: -- 配对时长：0:00:25.937275
2023-10-09 17:24:32-:INFO: -- 配对次数：6
2023-10-09 17:24:56-:INFO: -- 配对配网成功次数：6
2023-10-09 17:24:56-:INFO: -- 配对时长：0:00:24.794571
2023-10-09 17:25:36-:INFO: -- 配对次数：7
2023-10-09 17:26:07-:INFO: -- 配对配网成功次数：7
2023-10-09 17:26:07-:INFO: -- 配对时长：0:00:31.038293
2023-10-09 17:26:42-:INFO: -- 配对次数：8
2023-10-09 17:27:08-:INFO: -- 配对配网成功次数：8
2023-10-09 17:27:08-:INFO: -- 配对时长：0:00:26.037428
2023-10-09 17:29:02-:INFO: -- 配对次数：9
2023-10-09 17:29:35-:INFO: -- 配对配网成功次数：9
2023-10-09 17:29:35-:INFO: -- 配对时长：0:00:33.078998
2023-10-09 17:30:10-:INFO: -- 配对次数：10
2023-10-09 17:30:39-:INFO: -- 配对配网成功次数：10
2023-10-09 17:30:39-:INFO: -- 配对时长：0:00:28.065350
2023-10-09 17:31:13-:INFO: -- 配对次数：11
2023-10-09 17:31:49-:INFO: -- 配对配网成功次数：11
2023-10-09 17:31:49-:INFO: -- 配对时长：0:00:36.125619
2023-10-09 17:33:46-:INFO: -- 配对次数：12
2023-10-09 17:34:26-:INFO: -- 配对配网成功次数：12
2023-10-09 17:34:26-:INFO: -- 配对时长：0:00:40.216032
2023-10-09 17:35:04-:INFO: -- 配对次数：13
2023-10-09 17:35:35-:INFO: -- 配对配网成功次数：13
2023-10-09 17:35:35-:INFO: -- 配对时长：0:00:31.021874
2023-10-09 17:36:08-:INFO: -- 配对次数：14
2023-10-09 17:36:39-:INFO: -- 配对配网成功次数：14
2023-10-09 17:36:39-:INFO: -- 配对时长：0:00:31.139110
2023-10-09 17:37:12-:INFO: -- 配对次数：15
2023-10-09 17:37:39-:INFO: -- 配对配网成功次数：15
2023-10-09 17:37:39-:INFO: -- 配对时长：0:00:27.816952
2023-10-09 17:38:12-:INFO: -- 配对次数：16
2023-10-09 17:38:42-:INFO: -- 配对配网成功次数：16
2023-10-09 17:38:42-:INFO: -- 配对时长：0:00:29.830684
2023-10-09 17:39:15-:INFO: -- 配对次数：17
2023-10-09 17:39:39-:INFO: -- 配对配网成功次数：17
2023-10-09 17:39:39-:INFO: -- 配对时长：0:00:24.253822
2023-10-09 17:40:13-:INFO: -- 配对次数：18
2023-10-09 17:40:47-:INFO: -- 配对配网成功次数：18
2023-10-09 17:40:47-:INFO: -- 配对时长：0:00:33.935407
2023-10-09 17:41:20-:INFO: -- 配对次数：19
2023-10-09 17:41:51-:INFO: -- 配对配网成功次数：19
2023-10-09 17:41:51-:INFO: -- 配对时长：0:00:30.953184
2023-10-09 17:42:25-:INFO: -- 配对次数：20
2023-10-09 17:42:50-:INFO: -- 配对配网成功次数：20
2023-10-09 17:42:50-:INFO: -- 配对时长：0:00:24.879713
2023-10-09 17:44:44-:INFO: -- 配对次数：21
2023-10-09 17:45:13-:INFO: -- 配对配网成功次数：21
2023-10-09 17:45:13-:INFO: -- 配对时长：0:00:28.966921
2023-10-09 17:47:08-:INFO: -- 配对次数：22
2023-10-09 17:47:34-:INFO: -- 配对配网成功次数：22
2023-10-09 17:47:34-:INFO: -- 配对时长：0:00:25.831248
2023-10-09 17:48:06-:INFO: -- 配对次数：23
2023-10-09 17:48:32-:INFO: -- 配对配网成功次数：23
2023-10-09 17:48:32-:INFO: -- 配对时长：0:00:25.932022
2023-10-09 17:49:05-:INFO: -- 配对次数：24
2023-10-09 17:49:41-:INFO: -- 配对配网成功次数：24
2023-10-09 17:49:41-:INFO: -- 配对时长：0:00:35.967454
2023-10-09 17:50:14-:INFO: -- 配对次数：25
2023-10-09 17:50:40-:INFO: -- 配对配网成功次数：25
2023-10-09 17:50:40-:INFO: -- 配对时长：0:00:26.026296
2023-10-09 17:52:35-:INFO: -- 配对次数：26
2023-10-09 17:53:07-:INFO: -- 配对配网成功次数：26
2023-10-09 17:53:07-:INFO: -- 配对时长：0:00:31.889659
2023-10-09 17:55:02-:INFO: -- 配对次数：27
2023-10-09 17:55:35-:INFO: -- 配对配网成功次数：27
2023-10-09 17:55:35-:INFO: -- 配对时长：0:00:33.193743
2023-10-09 17:56:09-:INFO: -- 配对次数：28
2023-10-09 17:57:40-:INFO: -- 配对配网成功次数：28
2023-10-09 17:57:40-:INFO: -- 配对时长：0:01:31.799116
2023-10-09 17:58:20-:INFO: -- 配对次数：29
2023-10-09 17:58:47-:INFO: -- 配对配网成功次数：29
2023-10-09 17:58:47-:INFO: -- 配对时长：0:00:27.926066
2023-10-09 17:59:25-:INFO: -- 配对次数：30
2023-10-09 18:00:01-:INFO: -- 配对配网成功次数：30
2023-10-09 18:00:01-:INFO: -- 配对时长：0:00:35.081654
2023-10-09 18:01:15-:INFO: -- 配对次数：31
2023-10-09 18:01:42-:INFO: -- 配对配网成功次数：31
2023-10-09 18:01:42-:INFO: -- 配对时长：0:00:26.786947
2023-10-09 18:02:22-:INFO: -- 配对次数：32
2023-10-09 18:03:54-:INFO: -- 配对配网成功次数：32
2023-10-09 18:03:54-:INFO: -- 配对时长：0:01:32.028514
2023-10-09 18:04:33-:INFO: -- 配对次数：33
2023-10-09 18:05:00-:INFO: -- 配对配网成功次数：33
2023-10-09 18:05:00-:INFO: -- 配对时长：0:00:27.043828
2023-10-09 18:05:34-:INFO: -- 配对次数：34
2023-10-09 18:06:00-:INFO: -- 配对配网成功次数：34
2023-10-09 18:06:00-:INFO: -- 配对时长：0:00:26.031317
2023-10-09 18:06:35-:INFO: -- 配对次数：35
2023-10-09 18:07:05-:INFO: -- 配对配网成功次数：35
2023-10-09 18:07:05-:INFO: -- 配对时长：0:00:30.060503
2023-10-09 18:07:41-:INFO: -- 配对次数：36
2023-10-09 18:08:25-:INFO: -- 配对配网成功次数：36
2023-10-09 18:08:25-:INFO: -- 配对时长：0:00:44.113038
2023-10-09 18:09:02-:INFO: -- 配对次数：37
2023-10-09 18:09:29-:INFO: -- 配对配网成功次数：37
2023-10-09 18:09:29-:INFO: -- 配对时长：0:00:27.031138
2023-10-09 18:10:02-:INFO: -- 配对次数：38
2023-10-09 18:10:32-:INFO: -- 配对配网成功次数：38
2023-10-09 18:10:32-:INFO: -- 配对时长：0:00:29.798210
2023-10-09 18:11:12-:INFO: -- 配对次数：39
2023-10-09 18:11:40-:INFO: -- 配对配网成功次数：39
2023-10-09 18:11:40-:INFO: -- 配对时长：0:00:28.022454
2023-10-09 18:12:14-:INFO: -- 配对次数：40
2023-10-09 18:12:51-:INFO: -- 配对配网成功次数：40
2023-10-09 18:12:51-:INFO: -- 配对时长：0:00:37.007992
2023-10-09 18:13:32-:INFO: -- 配对次数：41
2023-10-09 18:14:09-:INFO: -- 配对配网成功次数：41
2023-10-09 18:14:09-:INFO: -- 配对时长：0:00:37.031361
2023-10-09 18:14:41-:INFO: -- 配对次数：42
2023-10-09 18:15:14-:INFO: -- 配对配网成功次数：42
2023-10-09 18:15:14-:INFO: -- 配对时长：0:00:33.185951
2023-10-09 18:15:57-:INFO: -- 配对次数：43
2023-10-09 18:16:35-:INFO: -- 配对配网成功次数：43
2023-10-09 18:16:35-:INFO: -- 配对时长：0:00:38.086995
2023-10-09 18:18:34-:INFO: -- 配对次数：44
2023-10-09 18:19:05-:INFO: -- 配对配网成功次数：44
2023-10-09 18:19:05-:INFO: -- 配对时长：0:00:31.027822
2023-10-09 18:19:41-:INFO: -- 配对次数：45
2023-10-09 18:20:07-:INFO: -- 配对配网成功次数：45
2023-10-09 18:20:07-:INFO: -- 配对时长：0:00:25.701674
2023-10-09 18:20:43-:INFO: -- 配对次数：46
2023-10-09 18:22:05-:INFO: -- 配对配网成功次数：46
2023-10-09 18:22:05-:INFO: -- 配对时长：0:01:21.730970
2023-10-09 18:22:44-:INFO: -- 配对次数：47
2023-10-09 18:23:15-:INFO: -- 配对配网成功次数：47
2023-10-09 18:23:15-:INFO: -- 配对时长：0:00:31.108356
2023-10-09 18:23:49-:INFO: -- 配对次数：48
2023-10-09 18:24:18-:INFO: -- 配对配网成功次数：48
2023-10-09 18:24:18-:INFO: -- 配对时长：0:00:28.973469
2023-10-09 18:26:15-:INFO: -- 配对次数：49
2023-10-09 18:26:44-:INFO: -- 配对配网成功次数：49
2023-10-09 18:26:44-:INFO: -- 配对时长：0:00:29.092169
2023-10-09 18:27:17-:INFO: -- 配对次数：50
2023-10-09 18:27:40-:INFO: -- 配对配网成功次数：50
2023-10-09 18:27:40-:INFO: -- 配对时长：0:00:22.898615
2023-10-09 18:29:39-:INFO: -- 配对次数：51
2023-10-09 18:30:10-:INFO: -- 配对配网成功次数：51
2023-10-09 18:30:10-:INFO: -- 配对时长：0:00:30.976432
2023-10-09 18:30:42-:INFO: -- 配对次数：52
2023-10-09 18:31:13-:INFO: -- 配对配网成功次数：52
2023-10-09 18:31:13-:INFO: -- 配对时长：0:00:31.014653
2023-10-09 18:33:07-:INFO: -- 配对次数：53
2023-10-09 18:33:36-:INFO: -- 配对配网成功次数：53
2023-10-09 18:33:36-:INFO: -- 配对时长：0:00:28.869018
2023-10-09 18:34:08-:INFO: -- 配对次数：54
2023-10-09 18:34:34-:INFO: -- 配对配网成功次数：54
2023-10-09 18:34:34-:INFO: -- 配对时长：0:00:25.959048
2023-10-09 18:35:07-:INFO: -- 配对次数：55
2023-10-09 18:35:35-:INFO: -- 配对配网成功次数：55
2023-10-09 18:35:35-:INFO: -- 配对时长：0:00:27.759615
2023-10-09 18:36:11-:INFO: -- 配对次数：56
2023-10-09 18:36:37-:INFO: -- 配对配网成功次数：56
2023-10-09 18:36:37-:INFO: -- 配对时长：0:00:25.901905
2023-10-09 18:51:12-:INFO: -- 配对次数：57
2023-10-09 18:51:40-:INFO: -- 配对配网成功次数：57
2023-10-09 18:51:40-:INFO: -- 配对时长：0:00:27.845303
2023-10-09 18:54:58-:INFO: -- 配对次数：58
2023-10-09 18:55:26-:INFO: -- 配对配网成功次数：58
2023-10-09 18:55:26-:INFO: -- 配对时长：0:00:28.881078
2023-10-09 18:55:59-:INFO: -- 配对次数：59
2023-10-09 18:56:25-:INFO: -- 配对配网成功次数：59
2023-10-09 18:56:25-:INFO: -- 配对时长：0:00:25.966766
2023-10-09 18:56:58-:INFO: -- 配对次数：60
2023-10-09 18:57:21-:INFO: -- 配对配网成功次数：60
2023-10-09 18:57:21-:INFO: -- 配对时长：0:00:23.822947
2023-10-09 18:57:55-:INFO: -- 配对次数：61
2023-10-09 18:58:22-:INFO: -- 配对配网成功次数：61
2023-10-09 18:58:22-:INFO: -- 配对时长：0:00:26.841758
2023-10-09 18:58:55-:INFO: -- 配对次数：62
2023-10-09 18:59:51-:INFO: -- 配对配网成功次数：62
2023-10-09 18:59:51-:INFO: -- 配对时长：0:00:55.453164
2023-10-09 19:00:25-:INFO: -- 配对次数：63
2023-10-09 19:00:54-:INFO: -- 配对配网成功次数：63
2023-10-09 19:00:54-:INFO: -- 配对时长：0:00:28.903306
2023-10-09 19:01:29-:INFO: -- 配对次数：64
2023-10-09 19:01:52-:INFO: -- 配对配网成功次数：64
2023-10-09 19:01:52-:INFO: -- 配对时长：0:00:22.970227
2023-10-09 19:02:26-:INFO: -- 配对次数：65
2023-10-09 19:03:19-:INFO: -- 配对配网成功次数：65
2023-10-09 19:03:19-:INFO: -- 配对时长：0:00:52.405364
2023-10-09 19:03:52-:INFO: -- 配对次数：66
2023-10-09 19:04:19-:INFO: -- 配对配网成功次数：66
2023-10-09 19:04:19-:INFO: -- 配对时长：0:00:26.879901
2023-10-09 19:04:58-:INFO: -- 配对次数：67
2023-10-09 19:05:29-:INFO: -- 配对配网成功次数：67
2023-10-09 19:05:29-:INFO: -- 配对时长：0:00:31.051344
2023-10-09 19:06:02-:INFO: -- 配对次数：68
2023-10-09 19:06:36-:INFO: -- 配对配网成功次数：68
2023-10-09 19:06:36-:INFO: -- 配对时长：0:00:34.182705
2023-10-09 19:07:14-:INFO: -- 配对次数：69
2023-10-09 19:07:37-:INFO: -- 配对配网成功次数：69
2023-10-09 19:07:37-:INFO: -- 配对时长：0:00:22.692064
2023-10-09 19:08:11-:INFO: -- 配对次数：70
2023-10-09 19:08:40-:INFO: -- 配对配网成功次数：70
2023-10-09 19:08:40-:INFO: -- 配对时长：0:00:28.927888
2023-10-09 19:10:35-:INFO: -- 配对次数：71
2023-10-09 19:11:16-:INFO: -- 配对配网成功次数：71
2023-10-09 19:11:16-:INFO: -- 配对时长：0:00:40.089844
2023-10-09 19:11:48-:INFO: -- 配对次数：72
2023-10-09 19:12:24-:INFO: -- 配对配网成功次数：72
2023-10-09 19:12:24-:INFO: -- 配对时长：0:00:36.122212
2023-10-09 19:12:57-:INFO: -- 配对次数：73
2023-10-09 19:13:25-:INFO: -- 配对配网成功次数：73
2023-10-09 19:13:25-:INFO: -- 配对时长：0:00:27.920355
2023-10-09 19:17:08-:INFO: -- 配对次数：74
2023-10-09 19:17:36-:INFO: -- 配对配网成功次数：74
2023-10-09 19:17:36-:INFO: -- 配对时长：0:00:28.004007
2023-10-09 19:22:42-:INFO: -- 配对次数：75
2023-10-09 19:23:05-:INFO: -- 配对配网成功次数：75
2023-10-09 19:23:05-:INFO: -- 配对时长：0:00:22.759962
2023-10-09 19:23:37-:INFO: -- 配对次数：76
2023-10-09 19:24:01-:INFO: -- 配对配网成功次数：76
2023-10-09 19:24:01-:INFO: -- 配对时长：0:00:23.838880
2023-10-09 19:25:09-:INFO: -- 配对次数：77
2023-10-09 19:25:33-:INFO: -- 配对配网成功次数：77
2023-10-09 19:25:33-:INFO: -- 配对时长：0:00:23.917333
2023-10-09 19:26:06-:INFO: -- 配对次数：78
2023-10-09 19:26:44-:INFO: -- 配对配网成功次数：78
2023-10-09 19:26:44-:INFO: -- 配对时长：0:00:38.013936
2023-10-09 19:27:17-:INFO: -- 配对次数：79
2023-10-09 19:27:49-:INFO: -- 配对配网成功次数：79
2023-10-09 19:27:49-:INFO: -- 配对时长：0:00:31.955640
2023-10-09 19:28:21-:INFO: -- 配对次数：80
2023-10-09 19:28:47-:INFO: -- 配对配网成功次数：80
2023-10-09 19:28:47-:INFO: -- 配对时长：0:00:25.967368
2023-10-09 19:29:23-:INFO: -- 配对次数：81
2023-10-09 19:29:53-:INFO: -- 配对配网成功次数：81
2023-10-09 19:29:53-:INFO: -- 配对时长：0:00:29.921153
2023-10-09 19:30:25-:INFO: -- 配对次数：82
2023-10-09 19:30:48-:INFO: -- 配对配网成功次数：82
2023-10-09 19:30:48-:INFO: -- 配对时长：0:00:22.893258
2023-10-09 19:31:21-:INFO: -- 配对次数：83
2023-10-09 19:31:46-:INFO: -- 配对配网成功次数：83
2023-10-09 19:31:46-:INFO: -- 配对时长：0:00:25.830524
2023-10-09 19:32:21-:INFO: -- 配对次数：84
2023-10-09 19:32:48-:INFO: -- 配对配网成功次数：84
2023-10-09 19:32:48-:INFO: -- 配对时长：0:00:27.947385
2023-10-09 19:33:21-:INFO: -- 配对次数：85
2023-10-09 19:33:55-:INFO: -- 配对配网成功次数：85
2023-10-09 19:33:55-:INFO: -- 配对时长：0:00:34.223958
2023-10-09 19:34:28-:INFO: -- 配对次数：86
2023-10-09 19:34:53-:INFO: -- 配对配网成功次数：86
2023-10-09 19:34:53-:INFO: -- 配对时长：0:00:25.182029
2023-10-09 19:35:27-:INFO: -- 配对次数：87
2023-10-09 19:36:11-:INFO: -- 配对配网成功次数：87
2023-10-09 19:36:11-:INFO: -- 配对时长：0:00:44.124947
2023-10-09 19:43:50-:INFO: -- 未配网
2023-10-09 19:46:51-:INFO: -- 没有配网成功
2023-10-09 19:48:57-:INFO: -- 配对次数：88
2023-10-09 19:49:37-:INFO: -- 配对配网成功次数：88
2023-10-09 19:49:37-:INFO: -- 配对时长：0:00:40.492567
