2022-12-30 19:42:17-:INFO: -- 1号机切换到Morning成功！
2022-12-30 19:42:35-:INFO: -- 2号机切换到Morning成功！
2022-12-30 19:42:53-:INFO: -- 3号机切换到Morning成功！
2022-12-30 19:43:11-:INFO: -- 4号机切换到Morning成功！
2022-12-30 19:43:28-:INFO: -- 5号机切换到Morning成功！
2022-12-30 19:43:46-:INFO: -- 6号机切换到Morning成功！
2022-12-30 19:44:03-:INFO: -- 1号机切换到Heat Around a Fireplace成功！
2022-12-30 19:44:21-:INFO: -- 2号机切换到Heat Around a Fireplace成功！
2022-12-30 19:44:39-:INFO: -- 3号机切换到Heat Around a Fireplace成功！
2022-12-30 19:44:57-:INFO: -- 4号机切换到Heat Around a Fireplace成功！
2022-12-30 19:45:14-:INFO: -- 5号机切换到Heat Around a Fireplace成功！
2022-12-30 19:45:32-:INFO: -- 6号机切换到Heat Around a Fireplace成功！
2022-12-30 19:45:50-:INFO: -- 1号机切换到Creek成功！
2022-12-30 19:46:07-:INFO: -- 2号机切换到Creek成功！
2022-12-30 19:46:25-:INFO: -- 3号机切换到Creek成功！
2022-12-30 19:46:43-:INFO: -- 4号机切换到Creek成功！
2022-12-30 19:47:00-:INFO: -- 5号机切换到Creek成功！
2022-12-30 19:47:18-:INFO: -- 6号机切换到Creek成功！
2022-12-30 19:47:35-:INFO: -- 1号机切换到Good Night Kiss成功！
2022-12-30 19:47:53-:INFO: -- 2号机切换到Good Night Kiss成功！
2022-12-30 19:48:11-:INFO: -- 3号机切换到Good Night Kiss成功！
2022-12-30 19:48:29-:INFO: -- 4号机切换到Good Night Kiss成功！
2022-12-30 19:48:47-:INFO: -- 5号机切换到Good Night Kiss成功！
2022-12-30 19:49:04-:INFO: -- 6号机切换到Good Night Kiss成功！
2022-12-30 19:49:22-:INFO: -- 1号机切换到Night Light成功！
2022-12-30 19:49:40-:INFO: -- 2号机切换到Night Light成功！
2022-12-30 19:49:58-:INFO: -- 3号机切换到Night Light成功！
2022-12-30 19:50:16-:INFO: -- 4号机切换到Night Light成功！
2022-12-30 19:50:34-:INFO: -- 5号机切换到Night Light成功！
2022-12-30 19:50:52-:INFO: -- 6号机切换到Night Light成功！
2022-12-30 19:51:10-:INFO: -- 1号机切换到Meditation成功！
2022-12-30 19:51:28-:INFO: -- 2号机切换到Meditation成功！
2022-12-30 19:51:45-:INFO: -- 3号机切换到Meditation成功！
2022-12-30 19:52:03-:INFO: -- 4号机切换到Meditation成功！
2022-12-30 19:52:21-:INFO: -- 5号机切换到Meditation成功！
2022-12-30 19:52:39-:INFO: -- 6号机切换到Meditation成功！
2022-12-30 19:52:56-:INFO: -- 1号机切换到Firework Party成功！
2022-12-30 19:53:14-:INFO: -- 2号机切换到Firework Party成功！
2022-12-30 19:53:32-:INFO: -- 3号机切换到Firework Party成功！
2022-12-30 19:53:50-:INFO: -- 4号机切换到Firework Party成功！
2022-12-30 19:54:08-:INFO: -- 5号机切换到Firework Party成功！
2022-12-30 19:54:25-:INFO: -- 6号机切换到Firework Party成功！
2022-12-30 19:54:43-:INFO: -- 1号机切换到Deep Thought成功！
2022-12-30 19:55:01-:INFO: -- 2号机切换到Deep Thought成功！
2022-12-30 19:55:19-:INFO: -- 3号机切换到Deep Thought成功！
2022-12-30 19:55:37-:INFO: -- 4号机切换到Deep Thought成功！
2022-12-30 19:55:54-:INFO: -- 5号机切换到Deep Thought成功！
2022-12-30 19:56:12-:INFO: -- 6号机切换到Deep Thought成功！
2022-12-30 19:56:29-:INFO: -- 1号机切换到Rainbow Bubble成功！
2022-12-30 19:56:47-:INFO: -- 2号机切换到Rainbow Bubble成功！
2022-12-30 19:57:05-:INFO: -- 3号机切换到Rainbow Bubble成功！
2022-12-30 19:57:23-:INFO: -- 4号机切换到Rainbow Bubble成功！
2022-12-30 19:57:40-:INFO: -- 5号机切换到Rainbow Bubble成功！
2022-12-30 19:57:58-:INFO: -- 6号机切换到Rainbow Bubble成功！
2022-12-30 19:58:16-:INFO: -- 1号机切换到Autumn Rain Hitting Leaves成功！
2022-12-30 19:58:40-:INFO: -- 2号机切换到Autumn Rain Hitting Leaves成功！
2022-12-30 19:58:58-:INFO: -- 3号机切换到Autumn Rain Hitting Leaves成功！
2022-12-30 19:59:15-:INFO: -- 4号机切换到Autumn Rain Hitting Leaves成功！
2022-12-30 19:59:33-:INFO: -- 5号机切换到Autumn Rain Hitting Leaves成功！
2022-12-30 19:59:51-:INFO: -- 6号机切换到Autumn Rain Hitting Leaves成功！
2022-12-30 20:00:08-:INFO: -- 1号机切换到Space Walk成功！
2022-12-30 20:00:26-:INFO: -- 2号机切换到Space Walk成功！
2022-12-30 20:00:45-:INFO: -- 3号机切换到Space Walk成功！
2022-12-30 20:01:02-:INFO: -- 4号机切换到Space Walk成功！
2022-12-30 20:01:20-:INFO: -- 5号机切换到Space Walk成功！
2022-12-30 20:01:38-:INFO: -- 6号机切换到Space Walk成功！
2022-12-30 20:01:55-:INFO: -- 1号机切换到Crossing the Field成功！
2022-12-30 20:02:13-:INFO: -- 2号机切换到Crossing the Field成功！
2022-12-30 20:02:30-:INFO: -- 3号机切换到Crossing the Field成功！
2022-12-30 20:02:48-:INFO: -- 4号机切换到Crossing the Field成功！
2022-12-30 20:03:06-:INFO: -- 5号机切换到Crossing the Field成功！
2022-12-30 20:03:24-:INFO: -- 6号机切换到Crossing the Field成功！
2022-12-30 20:03:51-:INFO: -- 1号机切换到Morning成功！
2022-12-30 20:04:09-:INFO: -- 2号机切换到Morning成功！
2022-12-30 20:04:26-:INFO: -- 3号机切换到Morning成功！
2022-12-30 20:04:44-:INFO: -- 4号机切换到Morning成功！
2022-12-30 20:05:02-:INFO: -- 5号机切换到Morning成功！
2022-12-30 20:05:20-:INFO: -- 6号机切换到Morning成功！
2022-12-30 20:05:38-:INFO: -- 1号机切换到Heat Around a Fireplace成功！
2022-12-30 20:05:55-:INFO: -- 2号机切换到Heat Around a Fireplace成功！
2022-12-30 20:06:13-:INFO: -- 3号机切换到Heat Around a Fireplace成功！
2022-12-30 20:06:31-:INFO: -- 4号机切换到Heat Around a Fireplace成功！
2022-12-30 20:06:48-:INFO: -- 5号机切换到Heat Around a Fireplace成功！
2022-12-30 20:07:06-:INFO: -- 6号机切换到Heat Around a Fireplace成功！
2022-12-30 20:07:24-:INFO: -- 1号机切换到Creek成功！
2022-12-30 20:07:41-:INFO: -- 2号机切换到Creek成功！
2022-12-30 20:07:59-:INFO: -- 3号机切换到Creek成功！
2022-12-30 20:08:17-:INFO: -- 4号机切换到Creek成功！
2022-12-30 20:08:34-:INFO: -- 5号机切换到Creek成功！
2022-12-30 20:08:52-:INFO: -- 6号机切换到Creek成功！
2022-12-30 20:09:10-:INFO: -- 1号机切换到Good Night Kiss成功！
2022-12-30 20:09:27-:INFO: -- 2号机切换到Good Night Kiss成功！
2022-12-30 20:09:45-:INFO: -- 3号机切换到Good Night Kiss成功！
2022-12-30 20:10:03-:INFO: -- 4号机切换到Good Night Kiss成功！
2022-12-30 20:10:20-:INFO: -- 5号机切换到Good Night Kiss成功！
2022-12-30 20:10:38-:INFO: -- 6号机切换到Good Night Kiss成功！
2022-12-30 20:10:56-:INFO: -- 1号机切换到Night Light成功！
2022-12-30 20:11:14-:INFO: -- 2号机切换到Night Light成功！
2022-12-30 20:11:31-:INFO: -- 3号机切换到Night Light成功！
2022-12-30 20:11:49-:INFO: -- 4号机切换到Night Light成功！
2022-12-30 20:12:07-:INFO: -- 5号机切换到Night Light成功！
2022-12-30 20:12:24-:INFO: -- 6号机切换到Night Light成功！
2022-12-30 20:12:42-:INFO: -- 1号机切换到Meditation成功！
2022-12-30 20:13:00-:INFO: -- 2号机切换到Meditation成功！
2022-12-30 20:13:18-:INFO: -- 3号机切换到Meditation成功！
2022-12-30 20:13:35-:INFO: -- 4号机切换到Meditation成功！
2022-12-30 20:13:53-:INFO: -- 5号机切换到Meditation成功！
2022-12-30 20:14:11-:INFO: -- 6号机切换到Meditation成功！
2022-12-30 20:14:29-:INFO: -- 1号机切换到Firework Party成功！
2022-12-30 20:14:47-:INFO: -- 2号机切换到Firework Party成功！
2022-12-30 20:15:04-:INFO: -- 3号机切换到Firework Party成功！
2022-12-30 20:15:22-:INFO: -- 4号机切换到Firework Party成功！
2022-12-30 20:15:39-:INFO: -- 5号机切换到Firework Party成功！
2022-12-30 20:15:57-:INFO: -- 6号机切换到Firework Party成功！
2022-12-30 20:16:15-:INFO: -- 1号机切换到Deep Thought成功！
2022-12-30 20:16:32-:INFO: -- 2号机切换到Deep Thought成功！
2022-12-30 20:16:50-:INFO: -- 3号机切换到Deep Thought成功！
2022-12-30 20:17:07-:INFO: -- 4号机切换到Deep Thought成功！
2022-12-30 20:17:25-:INFO: -- 5号机切换到Deep Thought成功！
2022-12-30 20:17:43-:INFO: -- 6号机切换到Deep Thought成功！
2022-12-30 20:18:00-:INFO: -- 1号机切换到Rainbow Bubble成功！
2022-12-30 20:18:18-:INFO: -- 2号机切换到Rainbow Bubble成功！
2022-12-30 20:18:37-:INFO: -- 3号机切换到Rainbow Bubble成功！
2022-12-30 20:18:55-:INFO: -- 4号机切换到Rainbow Bubble成功！
2022-12-30 20:19:12-:INFO: -- 5号机切换到Rainbow Bubble成功！
2022-12-30 20:19:30-:INFO: -- 6号机切换到Rainbow Bubble成功！
2022-12-30 20:19:48-:INFO: -- 1号机切换到Autumn Rain Hitting Leaves成功！
2022-12-30 20:20:06-:INFO: -- 2号机切换到Autumn Rain Hitting Leaves成功！
2022-12-30 20:20:24-:INFO: -- 3号机切换到Autumn Rain Hitting Leaves成功！
2022-12-30 20:20:41-:INFO: -- 4号机切换到Autumn Rain Hitting Leaves成功！
2022-12-30 20:20:59-:INFO: -- 5号机切换到Autumn Rain Hitting Leaves成功！
2022-12-30 20:21:17-:INFO: -- 6号机切换到Autumn Rain Hitting Leaves成功！
2022-12-30 20:21:35-:INFO: -- 1号机切换到Space Walk成功！
2022-12-30 20:21:52-:INFO: -- 2号机切换到Space Walk成功！
2022-12-30 20:22:10-:INFO: -- 3号机切换到Space Walk成功！
2022-12-30 20:22:27-:INFO: -- 4号机切换到Space Walk成功！
2022-12-30 20:22:45-:INFO: -- 5号机切换到Space Walk成功！
2022-12-30 20:23:03-:INFO: -- 6号机切换到Space Walk成功！
2022-12-30 20:23:20-:INFO: -- 1号机切换到Crossing the Field成功！
2022-12-30 20:23:38-:INFO: -- 2号机切换到Crossing the Field成功！
2022-12-30 20:23:55-:INFO: -- 3号机切换到Crossing the Field成功！
2022-12-30 20:24:13-:INFO: -- 4号机切换到Crossing the Field成功！
2022-12-30 20:24:30-:INFO: -- 5号机切换到Crossing the Field成功！
2022-12-30 20:24:48-:INFO: -- 6号机切换到Crossing the Field成功！
2022-12-30 20:25:16-:INFO: -- 1号机切换到Morning成功！
2022-12-30 20:25:34-:INFO: -- 2号机切换到Morning成功！
2022-12-30 20:25:51-:INFO: -- 3号机切换到Morning成功！
2022-12-30 20:26:09-:INFO: -- 4号机切换到Morning成功！
2022-12-30 20:26:27-:INFO: -- 5号机切换到Morning成功！
2022-12-30 20:26:44-:INFO: -- 6号机切换到Morning成功！
2022-12-30 20:27:02-:INFO: -- 1号机切换到Heat Around a Fireplace成功！
2022-12-30 20:27:21-:INFO: -- 2号机切换到Heat Around a Fireplace成功！
2022-12-30 20:27:39-:INFO: -- 3号机切换到Heat Around a Fireplace成功！
2022-12-30 20:27:56-:INFO: -- 4号机切换到Heat Around a Fireplace成功！
2022-12-30 20:28:14-:INFO: -- 5号机切换到Heat Around a Fireplace成功！
2022-12-30 20:28:32-:INFO: -- 6号机切换到Heat Around a Fireplace成功！
2022-12-30 20:28:50-:INFO: -- 1号机切换到Creek成功！
2022-12-30 20:29:06-:INFO: -- 2号机切换到Creek成功！
2022-12-30 20:29:23-:INFO: -- 3号机切换到Creek成功！
2022-12-30 20:29:41-:INFO: -- 4号机切换到Creek成功！
2022-12-30 20:29:59-:INFO: -- 5号机切换到Creek成功！
2022-12-30 20:30:16-:INFO: -- 6号机切换到Creek成功！
2022-12-30 20:30:34-:INFO: -- 1号机切换到Good Night Kiss成功！
2022-12-30 20:30:53-:INFO: -- 2号机切换到Good Night Kiss成功！
2022-12-30 20:31:10-:INFO: -- 3号机切换到Good Night Kiss成功！
2022-12-30 20:31:28-:INFO: -- 4号机切换到Good Night Kiss成功！
2022-12-30 20:31:45-:INFO: -- 5号机切换到Good Night Kiss成功！
2022-12-30 20:32:03-:INFO: -- 6号机切换到Good Night Kiss成功！
2022-12-30 20:32:21-:INFO: -- 1号机切换到Night Light成功！
2022-12-30 20:32:39-:INFO: -- 2号机切换到Night Light成功！
2022-12-30 20:32:57-:INFO: -- 3号机切换到Night Light成功！
2022-12-30 20:33:15-:INFO: -- 4号机切换到Night Light成功！
2022-12-30 20:33:32-:INFO: -- 5号机切换到Night Light成功！
2022-12-30 20:33:50-:INFO: -- 6号机切换到Night Light成功！
2022-12-30 20:34:08-:INFO: -- 1号机切换到Meditation成功！
2022-12-30 20:34:25-:INFO: -- 2号机切换到Meditation成功！
2022-12-30 20:34:43-:INFO: -- 3号机切换到Meditation成功！
2022-12-30 20:35:01-:INFO: -- 4号机切换到Meditation成功！
2022-12-30 20:35:19-:INFO: -- 5号机切换到Meditation成功！
2022-12-30 20:35:37-:INFO: -- 6号机切换到Meditation成功！
2022-12-30 20:35:54-:INFO: -- 1号机切换到Firework Party成功！
2022-12-30 20:36:13-:INFO: -- 2号机切换到Firework Party成功！
2022-12-30 20:36:31-:INFO: -- 3号机切换到Firework Party成功！
2022-12-30 20:36:48-:INFO: -- 4号机切换到Firework Party成功！
2022-12-30 20:37:06-:INFO: -- 5号机切换到Firework Party成功！
2022-12-30 20:37:23-:INFO: -- 6号机切换到Firework Party成功！
2022-12-30 20:37:41-:INFO: -- 1号机切换到Deep Thought成功！
2022-12-30 20:37:59-:INFO: -- 2号机切换到Deep Thought成功！
2022-12-30 20:38:16-:INFO: -- 3号机切换到Deep Thought成功！
2022-12-30 20:38:34-:INFO: -- 4号机切换到Deep Thought成功！
2022-12-30 20:38:52-:INFO: -- 5号机切换到Deep Thought成功！
2022-12-30 20:39:10-:INFO: -- 6号机切换到Deep Thought成功！
2022-12-30 20:39:28-:INFO: -- 1号机切换到Rainbow Bubble成功！
2022-12-30 20:39:45-:INFO: -- 2号机切换到Rainbow Bubble成功！
2022-12-30 20:40:03-:INFO: -- 3号机切换到Rainbow Bubble成功！
2022-12-30 20:40:21-:INFO: -- 4号机切换到Rainbow Bubble成功！
2022-12-30 20:40:38-:INFO: -- 5号机切换到Rainbow Bubble成功！
2022-12-30 20:40:56-:INFO: -- 6号机切换到Rainbow Bubble成功！
2022-12-30 20:41:14-:INFO: -- 1号机切换到Autumn Rain Hitting Leaves成功！
2022-12-30 20:41:31-:INFO: -- 2号机切换到Autumn Rain Hitting Leaves成功！
2022-12-30 20:41:50-:INFO: -- 3号机切换到Autumn Rain Hitting Leaves成功！
2022-12-30 20:42:07-:INFO: -- 4号机切换到Autumn Rain Hitting Leaves成功！
2022-12-30 20:42:25-:INFO: -- 5号机切换到Autumn Rain Hitting Leaves成功！
2022-12-30 20:42:42-:INFO: -- 6号机切换到Autumn Rain Hitting Leaves成功！
2022-12-30 20:43:00-:INFO: -- 1号机切换到Space Walk成功！
2022-12-30 20:43:18-:INFO: -- 2号机切换到Space Walk成功！
2022-12-30 20:43:35-:INFO: -- 3号机切换到Space Walk成功！
2022-12-30 20:43:52-:INFO: -- 4号机切换到Space Walk成功！
2022-12-30 20:44:10-:INFO: -- 5号机切换到Space Walk成功！
2022-12-30 20:44:28-:INFO: -- 6号机切换到Space Walk成功！
2022-12-30 20:44:45-:INFO: -- 1号机切换到Crossing the Field成功！
2022-12-30 20:45:03-:INFO: -- 2号机切换到Crossing the Field成功！
2022-12-30 20:45:21-:INFO: -- 3号机切换到Crossing the Field成功！
2022-12-30 20:45:38-:INFO: -- 4号机切换到Crossing the Field成功！
2022-12-30 20:45:56-:INFO: -- 5号机切换到Crossing the Field成功！
2022-12-30 20:46:14-:INFO: -- 6号机切换到Crossing the Field成功！
2022-12-30 20:46:41-:INFO: -- 1号机切换到Morning成功！
2022-12-30 20:46:59-:INFO: -- 2号机切换到Morning成功！
2022-12-30 20:47:16-:INFO: -- 3号机切换到Morning成功！
2022-12-30 20:47:34-:INFO: -- 4号机切换到Morning成功！
2022-12-30 20:47:52-:INFO: -- 5号机切换到Morning成功！
2022-12-30 20:48:10-:INFO: -- 6号机切换到Morning成功！
2022-12-30 20:48:28-:INFO: -- 1号机切换到Heat Around a Fireplace成功！
2022-12-30 20:48:50-:INFO: -- 2号机切换到Heat Around a Fireplace成功！
2022-12-30 20:49:08-:INFO: -- 3号机切换到Heat Around a Fireplace成功！
2022-12-30 20:49:26-:INFO: -- 4号机切换到Heat Around a Fireplace成功！
2022-12-30 20:49:43-:INFO: -- 5号机切换到Heat Around a Fireplace成功！
2022-12-30 20:50:01-:INFO: -- 6号机切换到Heat Around a Fireplace成功！
2022-12-30 20:50:19-:INFO: -- 1号机切换到Creek成功！
2022-12-30 20:50:36-:INFO: -- 2号机切换到Creek成功！
2022-12-30 20:50:53-:INFO: -- 3号机切换到Creek成功！
2022-12-30 20:51:11-:INFO: -- 4号机切换到Creek成功！
2022-12-30 20:51:29-:INFO: -- 5号机切换到Creek成功！
2022-12-30 20:51:46-:INFO: -- 6号机切换到Creek成功！
2022-12-30 20:52:04-:INFO: -- 1号机切换到Good Night Kiss成功！
2022-12-30 20:52:23-:INFO: -- 2号机切换到Good Night Kiss成功！
2022-12-30 20:52:41-:INFO: -- 3号机切换到Good Night Kiss成功！
2022-12-30 20:52:59-:INFO: -- 4号机切换到Good Night Kiss成功！
2022-12-30 20:53:16-:INFO: -- 5号机切换到Good Night Kiss成功！
2022-12-30 20:53:34-:INFO: -- 6号机切换到Good Night Kiss成功！
2022-12-30 20:53:52-:INFO: -- 1号机切换到Night Light成功！
2022-12-30 20:54:09-:INFO: -- 2号机切换到Night Light成功！
2022-12-30 20:54:28-:INFO: -- 3号机切换到Night Light成功！
2022-12-30 20:54:46-:INFO: -- 4号机切换到Night Light成功！
2022-12-30 20:55:04-:INFO: -- 5号机切换到Night Light成功！
2022-12-30 20:55:21-:INFO: -- 6号机切换到Night Light成功！
2022-12-30 20:55:39-:INFO: -- 1号机切换到Meditation成功！
2022-12-30 20:55:57-:INFO: -- 2号机切换到Meditation成功！
2022-12-30 20:56:15-:INFO: -- 3号机切换到Meditation成功！
2022-12-30 20:56:32-:INFO: -- 4号机切换到Meditation成功！
2022-12-30 20:56:50-:INFO: -- 5号机切换到Meditation成功！
2022-12-30 20:57:08-:INFO: -- 6号机切换到Meditation成功！
2022-12-30 20:57:26-:INFO: -- 1号机切换到Firework Party成功！
2022-12-30 20:57:44-:INFO: -- 2号机切换到Firework Party成功！
2022-12-30 20:58:01-:INFO: -- 3号机切换到Firework Party成功！
2022-12-30 20:58:19-:INFO: -- 4号机切换到Firework Party成功！
2022-12-30 20:58:37-:INFO: -- 5号机切换到Firework Party成功！
2022-12-30 20:58:54-:INFO: -- 6号机切换到Firework Party成功！
2022-12-30 20:59:12-:INFO: -- 1号机切换到Deep Thought成功！
2022-12-30 20:59:30-:INFO: -- 2号机切换到Deep Thought成功！
2022-12-30 20:59:48-:INFO: -- 3号机切换到Deep Thought成功！
2022-12-30 21:00:05-:INFO: -- 4号机切换到Deep Thought成功！
2022-12-30 21:00:23-:INFO: -- 5号机切换到Deep Thought成功！
2022-12-30 21:00:41-:INFO: -- 6号机切换到Deep Thought成功！
2022-12-30 21:00:58-:INFO: -- 1号机切换到Rainbow Bubble成功！
2022-12-30 21:01:16-:INFO: -- 2号机切换到Rainbow Bubble成功！
2022-12-30 21:01:36-:INFO: -- 3号机切换到Rainbow Bubble成功！
2022-12-30 21:01:53-:INFO: -- 4号机切换到Rainbow Bubble成功！
2022-12-30 21:02:11-:INFO: -- 5号机切换到Rainbow Bubble成功！
2022-12-30 21:02:28-:INFO: -- 6号机切换到Rainbow Bubble成功！
2022-12-30 21:02:46-:INFO: -- 1号机切换到Autumn Rain Hitting Leaves成功！
2022-12-30 21:03:04-:INFO: -- 2号机切换到Autumn Rain Hitting Leaves成功！
2022-12-30 21:03:21-:INFO: -- 3号机切换到Autumn Rain Hitting Leaves成功！
2022-12-30 21:03:39-:INFO: -- 4号机切换到Autumn Rain Hitting Leaves成功！
2022-12-30 21:03:57-:INFO: -- 5号机切换到Autumn Rain Hitting Leaves成功！
2022-12-30 21:04:15-:INFO: -- 6号机切换到Autumn Rain Hitting Leaves成功！
2022-12-30 21:04:33-:INFO: -- 1号机切换到Space Walk成功！
2022-12-30 21:04:50-:INFO: -- 2号机切换到Space Walk成功！
2022-12-30 21:05:08-:INFO: -- 3号机切换到Space Walk成功！
2022-12-30 21:05:26-:INFO: -- 4号机切换到Space Walk成功！
2022-12-30 21:05:43-:INFO: -- 5号机切换到Space Walk成功！
2022-12-30 21:06:01-:INFO: -- 6号机切换到Space Walk成功！
2022-12-30 21:06:19-:INFO: -- 1号机切换到Crossing the Field成功！
2022-12-30 21:06:36-:INFO: -- 2号机切换到Crossing the Field成功！
2022-12-30 21:06:54-:INFO: -- 3号机切换到Crossing the Field成功！
2022-12-30 21:07:12-:INFO: -- 4号机切换到Crossing the Field成功！
2022-12-30 21:07:29-:INFO: -- 5号机切换到Crossing the Field成功！
2022-12-30 21:07:47-:INFO: -- 6号机切换到Crossing the Field成功！
2022-12-30 21:08:15-:INFO: -- 1号机切换到Morning成功！
2022-12-30 21:08:33-:INFO: -- 2号机切换到Morning成功！
2022-12-30 21:08:50-:INFO: -- 3号机切换到Morning成功！
2022-12-30 21:09:08-:INFO: -- 4号机切换到Morning成功！
2022-12-30 21:09:26-:INFO: -- 5号机切换到Morning成功！
2022-12-30 21:09:44-:INFO: -- 6号机切换到Morning成功！
2022-12-30 21:10:02-:INFO: -- 1号机切换到Heat Around a Fireplace成功！
2022-12-30 21:10:19-:INFO: -- 2号机切换到Heat Around a Fireplace成功！
2022-12-30 21:10:37-:INFO: -- 3号机切换到Heat Around a Fireplace成功！
2022-12-30 21:10:55-:INFO: -- 4号机切换到Heat Around a Fireplace成功！
2022-12-30 21:11:12-:INFO: -- 5号机切换到Heat Around a Fireplace成功！
2022-12-30 21:11:29-:INFO: -- 6号机切换到Heat Around a Fireplace成功！
2022-12-30 21:11:47-:INFO: -- 1号机切换到Creek成功！
2022-12-30 21:12:05-:INFO: -- 2号机切换到Creek成功！
2022-12-30 21:12:22-:INFO: -- 3号机切换到Creek成功！
2022-12-30 21:12:40-:INFO: -- 4号机切换到Creek成功！
2022-12-30 21:12:58-:INFO: -- 5号机切换到Creek成功！
2022-12-30 21:13:16-:INFO: -- 6号机切换到Creek成功！
2022-12-30 21:13:34-:INFO: -- 1号机切换到Good Night Kiss成功！
2022-12-30 21:13:51-:INFO: -- 2号机切换到Good Night Kiss成功！
2022-12-30 21:14:08-:INFO: -- 3号机切换到Good Night Kiss成功！
2022-12-30 21:14:26-:INFO: -- 4号机切换到Good Night Kiss成功！
2022-12-30 21:14:44-:INFO: -- 5号机切换到Good Night Kiss成功！
2022-12-30 21:15:01-:INFO: -- 6号机切换到Good Night Kiss成功！
2022-12-30 21:15:19-:INFO: -- 1号机切换到Night Light成功！
2022-12-30 21:15:37-:INFO: -- 2号机切换到Night Light成功！
2022-12-30 21:15:56-:INFO: -- 3号机切换到Night Light成功！
2022-12-30 21:16:14-:INFO: -- 4号机切换到Night Light成功！
2022-12-30 21:16:31-:INFO: -- 5号机切换到Night Light成功！
2022-12-30 21:16:49-:INFO: -- 6号机切换到Night Light成功！
2022-12-30 21:17:07-:INFO: -- 1号机切换到Meditation成功！
2022-12-30 21:17:24-:INFO: -- 2号机切换到Meditation成功！
2022-12-30 21:17:42-:INFO: -- 3号机切换到Meditation成功！
2022-12-30 21:18:00-:INFO: -- 4号机切换到Meditation成功！
2022-12-30 21:18:17-:INFO: -- 5号机切换到Meditation成功！
2022-12-30 21:18:35-:INFO: -- 6号机切换到Meditation成功！
2022-12-30 21:18:53-:INFO: -- 1号机切换到Firework Party成功！
2022-12-30 21:19:11-:INFO: -- 2号机切换到Firework Party成功！
2022-12-30 21:19:29-:INFO: -- 3号机切换到Firework Party成功！
2022-12-30 21:19:46-:INFO: -- 4号机切换到Firework Party成功！
2022-12-30 21:20:04-:INFO: -- 5号机切换到Firework Party成功！
2022-12-30 21:20:22-:INFO: -- 6号机切换到Firework Party成功！
2022-12-30 21:20:40-:INFO: -- 1号机切换到Deep Thought成功！
2022-12-30 21:20:57-:INFO: -- 2号机切换到Deep Thought成功！
2022-12-30 21:21:15-:INFO: -- 3号机切换到Deep Thought成功！
2022-12-30 21:21:33-:INFO: -- 4号机切换到Deep Thought成功！
2022-12-30 21:21:50-:INFO: -- 5号机切换到Deep Thought成功！
2022-12-30 21:22:08-:INFO: -- 6号机切换到Deep Thought成功！
2022-12-30 21:22:26-:INFO: -- 1号机切换到Rainbow Bubble成功！
2022-12-30 21:22:44-:INFO: -- 2号机切换到Rainbow Bubble成功！
2022-12-30 21:23:02-:INFO: -- 3号机切换到Rainbow Bubble成功！
2022-12-30 21:23:20-:INFO: -- 4号机切换到Rainbow Bubble成功！
2022-12-30 21:23:38-:INFO: -- 5号机切换到Rainbow Bubble成功！
2022-12-30 21:23:55-:INFO: -- 6号机切换到Rainbow Bubble成功！
2022-12-30 21:24:13-:INFO: -- 1号机切换到Autumn Rain Hitting Leaves成功！
2022-12-30 21:24:30-:INFO: -- 2号机切换到Autumn Rain Hitting Leaves成功！
2022-12-30 21:24:49-:INFO: -- 3号机切换到Autumn Rain Hitting Leaves成功！
2022-12-30 21:25:07-:INFO: -- 4号机切换到Autumn Rain Hitting Leaves成功！
2022-12-30 21:25:25-:INFO: -- 5号机切换到Autumn Rain Hitting Leaves成功！
2022-12-30 21:25:42-:INFO: -- 6号机切换到Autumn Rain Hitting Leaves成功！
2022-12-30 21:26:00-:INFO: -- 1号机切换到Space Walk成功！
2022-12-30 21:26:17-:INFO: -- 2号机切换到Space Walk成功！
2022-12-30 21:26:36-:INFO: -- 3号机切换到Space Walk成功！
2022-12-30 21:26:54-:INFO: -- 4号机切换到Space Walk成功！
2022-12-30 21:27:11-:INFO: -- 5号机切换到Space Walk成功！
2022-12-30 21:27:29-:INFO: -- 6号机切换到Space Walk成功！
2022-12-30 21:27:47-:INFO: -- 1号机切换到Crossing the Field成功！
2022-12-30 21:28:04-:INFO: -- 2号机切换到Crossing the Field成功！
2022-12-30 21:28:21-:INFO: -- 3号机切换到Crossing the Field成功！
2022-12-30 21:28:39-:INFO: -- 4号机切换到Crossing the Field成功！
2022-12-30 21:28:56-:INFO: -- 5号机切换到Crossing the Field成功！
2022-12-30 21:29:13-:INFO: -- 6号机切换到Crossing the Field成功！
2022-12-30 21:29:41-:INFO: -- 1号机切换到Morning成功！
2022-12-30 21:29:58-:INFO: -- 2号机切换到Morning成功！
2022-12-30 21:30:16-:INFO: -- 3号机切换到Morning成功！
2022-12-30 21:30:34-:INFO: -- 4号机切换到Morning成功！
2022-12-30 21:30:51-:INFO: -- 5号机切换到Morning成功！
2022-12-30 21:31:09-:INFO: -- 6号机切换到Morning成功！
2022-12-30 21:31:27-:INFO: -- 1号机切换到Heat Around a Fireplace成功！
2022-12-30 21:31:45-:INFO: -- 2号机切换到Heat Around a Fireplace成功！
2022-12-30 21:32:02-:INFO: -- 3号机切换到Heat Around a Fireplace成功！
2022-12-30 21:32:20-:INFO: -- 4号机切换到Heat Around a Fireplace成功！
2022-12-30 21:32:37-:INFO: -- 5号机切换到Heat Around a Fireplace成功！
2022-12-30 21:32:55-:INFO: -- 6号机切换到Heat Around a Fireplace成功！
2022-12-30 21:33:12-:INFO: -- 1号机切换到Creek成功！
2022-12-30 21:33:32-:INFO: -- 2号机切换到Creek成功！
2022-12-30 21:33:50-:INFO: -- 3号机切换到Creek成功！
2022-12-30 21:34:07-:INFO: -- 4号机切换到Creek成功！
2022-12-30 21:34:25-:INFO: -- 5号机切换到Creek成功！
2022-12-30 21:34:42-:INFO: -- 6号机切换到Creek成功！
2022-12-30 21:35:00-:INFO: -- 1号机切换到Good Night Kiss成功！
2022-12-30 21:35:17-:INFO: -- 2号机切换到Good Night Kiss成功！
2022-12-30 21:35:35-:INFO: -- 3号机切换到Good Night Kiss成功！
2022-12-30 21:35:52-:INFO: -- 4号机切换到Good Night Kiss成功！
2022-12-30 21:36:10-:INFO: -- 5号机切换到Good Night Kiss成功！
2022-12-30 21:36:28-:INFO: -- 6号机切换到Good Night Kiss成功！
2022-12-30 21:36:46-:INFO: -- 1号机切换到Night Light成功！
2022-12-30 21:37:04-:INFO: -- 2号机切换到Night Light成功！
2022-12-30 21:37:21-:INFO: -- 3号机切换到Night Light成功！
2022-12-30 21:37:39-:INFO: -- 4号机切换到Night Light成功！
2022-12-30 21:37:56-:INFO: -- 5号机切换到Night Light成功！
2022-12-30 21:38:14-:INFO: -- 6号机切换到Night Light成功！
2022-12-30 21:38:32-:INFO: -- 1号机切换到Meditation成功！
2022-12-30 21:38:49-:INFO: -- 2号机切换到Meditation成功！
2022-12-30 21:39:07-:INFO: -- 3号机切换到Meditation成功！
2022-12-30 21:39:25-:INFO: -- 4号机切换到Meditation成功！
2022-12-30 21:39:42-:INFO: -- 5号机切换到Meditation成功！
2022-12-30 21:40:00-:INFO: -- 6号机切换到Meditation成功！
2022-12-30 21:40:18-:INFO: -- 1号机切换到Firework Party成功！
2022-12-30 21:40:35-:INFO: -- 2号机切换到Firework Party成功！
2022-12-30 21:40:53-:INFO: -- 3号机切换到Firework Party成功！
2022-12-30 21:41:11-:INFO: -- 4号机切换到Firework Party成功！
2022-12-30 21:41:28-:INFO: -- 5号机切换到Firework Party成功！
2022-12-30 21:41:46-:INFO: -- 6号机切换到Firework Party成功！
2022-12-30 21:42:04-:INFO: -- 1号机切换到Deep Thought成功！
2022-12-30 21:42:21-:INFO: -- 2号机切换到Deep Thought成功！
2022-12-30 21:42:39-:INFO: -- 3号机切换到Deep Thought成功！
2022-12-30 21:42:57-:INFO: -- 4号机切换到Deep Thought成功！
2022-12-30 21:43:14-:INFO: -- 5号机切换到Deep Thought成功！
2022-12-30 21:43:32-:INFO: -- 6号机切换到Deep Thought成功！
2022-12-30 21:43:49-:INFO: -- 1号机切换到Rainbow Bubble成功！
2022-12-30 21:44:08-:INFO: -- 2号机切换到Rainbow Bubble成功！
2022-12-30 21:44:25-:INFO: -- 3号机切换到Rainbow Bubble成功！
2022-12-30 21:44:43-:INFO: -- 4号机切换到Rainbow Bubble成功！
2022-12-30 21:45:01-:INFO: -- 5号机切换到Rainbow Bubble成功！
2022-12-30 21:45:19-:INFO: -- 6号机切换到Rainbow Bubble成功！
2022-12-30 21:45:37-:INFO: -- 1号机切换到Autumn Rain Hitting Leaves成功！
2022-12-30 21:45:55-:INFO: -- 2号机切换到Autumn Rain Hitting Leaves成功！
2022-12-30 21:46:12-:INFO: -- 3号机切换到Autumn Rain Hitting Leaves成功！
2022-12-30 21:46:30-:INFO: -- 4号机切换到Autumn Rain Hitting Leaves成功！
2022-12-30 21:46:48-:INFO: -- 5号机切换到Autumn Rain Hitting Leaves成功！
2022-12-30 21:47:05-:INFO: -- 6号机切换到Autumn Rain Hitting Leaves成功！
2022-12-30 21:47:23-:INFO: -- 1号机切换到Space Walk成功！
2022-12-30 21:47:40-:INFO: -- 2号机切换到Space Walk成功！
2022-12-30 21:47:58-:INFO: -- 3号机切换到Space Walk成功！
2022-12-30 21:48:16-:INFO: -- 4号机切换到Space Walk成功！
2022-12-30 21:48:34-:INFO: -- 5号机切换到Space Walk成功！
2022-12-30 21:48:52-:INFO: -- 6号机切换到Space Walk成功！
2022-12-30 21:49:07-:INFO: -- 1号机切换到Crossing the Field成功！
2022-12-30 21:49:25-:INFO: -- 2号机切换到Crossing the Field成功！
2022-12-30 21:49:43-:INFO: -- 3号机切换到Crossing the Field成功！
2022-12-30 21:50:00-:INFO: -- 4号机切换到Crossing the Field成功！
2022-12-30 21:50:18-:INFO: -- 5号机切换到Crossing the Field成功！
2022-12-30 21:50:35-:INFO: -- 6号机切换到Crossing the Field成功！
2022-12-30 21:51:03-:INFO: -- 1号机切换到Morning成功！
2022-12-30 21:51:21-:INFO: -- 2号机切换到Morning成功！
2022-12-30 21:51:38-:INFO: -- 3号机切换到Morning成功！
2022-12-30 21:51:56-:INFO: -- 4号机切换到Morning成功！
2022-12-30 21:52:13-:INFO: -- 5号机切换到Morning成功！
2022-12-30 21:52:31-:INFO: -- 6号机切换到Morning成功！
2022-12-30 21:52:49-:INFO: -- 1号机切换到Heat Around a Fireplace成功！
2022-12-30 21:53:06-:INFO: -- 2号机切换到Heat Around a Fireplace成功！
2022-12-30 21:53:25-:INFO: -- 3号机切换到Heat Around a Fireplace成功！
2022-12-30 21:53:43-:INFO: -- 4号机切换到Heat Around a Fireplace成功！
2022-12-30 21:54:01-:INFO: -- 5号机切换到Heat Around a Fireplace成功！
2022-12-30 21:54:19-:INFO: -- 6号机切换到Heat Around a Fireplace成功！
2022-12-30 21:54:37-:INFO: -- 1号机切换到Creek成功！
2022-12-30 21:54:55-:INFO: -- 2号机切换到Creek成功！
2022-12-30 21:55:13-:INFO: -- 3号机切换到Creek成功！
2022-12-30 21:55:30-:INFO: -- 4号机切换到Creek成功！
2022-12-30 21:55:48-:INFO: -- 5号机切换到Creek成功！
2022-12-30 21:56:05-:INFO: -- 6号机切换到Creek成功！
2022-12-30 21:56:23-:INFO: -- 1号机切换到Good Night Kiss成功！
2022-12-30 21:56:41-:INFO: -- 2号机切换到Good Night Kiss成功！
2022-12-30 21:56:59-:INFO: -- 3号机切换到Good Night Kiss成功！
2022-12-30 21:57:17-:INFO: -- 4号机切换到Good Night Kiss成功！
2022-12-30 21:57:34-:INFO: -- 5号机切换到Good Night Kiss成功！
2022-12-30 21:57:52-:INFO: -- 6号机切换到Good Night Kiss成功！
2022-12-30 21:58:10-:INFO: -- 1号机切换到Night Light成功！
2022-12-30 21:58:27-:INFO: -- 2号机切换到Night Light成功！
2022-12-30 21:58:45-:INFO: -- 3号机切换到Night Light成功！
2022-12-30 21:59:04-:INFO: -- 4号机切换到Night Light成功！
2022-12-30 21:59:22-:INFO: -- 5号机切换到Night Light成功！
2022-12-30 21:59:39-:INFO: -- 6号机切换到Night Light成功！
2022-12-30 21:59:57-:INFO: -- 1号机切换到Meditation成功！
2022-12-30 22:00:15-:INFO: -- 2号机切换到Meditation成功！
2022-12-30 22:00:33-:INFO: -- 3号机切换到Meditation成功！
2022-12-30 22:00:50-:INFO: -- 4号机切换到Meditation成功！
2022-12-30 22:01:08-:INFO: -- 5号机切换到Meditation成功！
2022-12-30 22:01:25-:INFO: -- 6号机切换到Meditation成功！
2022-12-30 22:01:42-:INFO: -- 1号机切换到Firework Party成功！
2022-12-30 22:02:00-:INFO: -- 2号机切换到Firework Party成功！
2022-12-30 22:02:18-:INFO: -- 3号机切换到Firework Party成功！
2022-12-30 22:02:35-:INFO: -- 4号机切换到Firework Party成功！
2022-12-30 22:02:53-:INFO: -- 5号机切换到Firework Party成功！
2022-12-30 22:03:10-:INFO: -- 6号机切换到Firework Party成功！
2022-12-30 22:03:28-:INFO: -- 1号机切换到Deep Thought成功！
2022-12-30 22:03:46-:INFO: -- 2号机切换到Deep Thought成功！
2022-12-30 22:04:03-:INFO: -- 3号机切换到Deep Thought成功！
2022-12-30 22:04:21-:INFO: -- 4号机切换到Deep Thought成功！
2022-12-30 22:04:38-:INFO: -- 5号机切换到Deep Thought成功！
2022-12-30 22:04:56-:INFO: -- 6号机切换到Deep Thought成功！
2022-12-30 22:05:14-:INFO: -- 1号机切换到Rainbow Bubble成功！
2022-12-30 22:05:31-:INFO: -- 2号机切换到Rainbow Bubble成功！
2022-12-30 22:05:49-:INFO: -- 3号机切换到Rainbow Bubble成功！
2022-12-30 22:06:07-:INFO: -- 4号机切换到Rainbow Bubble成功！
2022-12-30 22:06:25-:INFO: -- 5号机切换到Rainbow Bubble成功！
2022-12-30 22:06:44-:INFO: -- 6号机切换到Rainbow Bubble成功！
2022-12-30 22:07:02-:INFO: -- 1号机切换到Autumn Rain Hitting Leaves成功！
2022-12-30 22:07:19-:INFO: -- 2号机切换到Autumn Rain Hitting Leaves成功！
2022-12-30 22:07:37-:INFO: -- 3号机切换到Autumn Rain Hitting Leaves成功！
2022-12-30 22:07:55-:INFO: -- 4号机切换到Autumn Rain Hitting Leaves成功！
2022-12-30 22:08:13-:INFO: -- 5号机切换到Autumn Rain Hitting Leaves成功！
2022-12-30 22:08:30-:INFO: -- 6号机切换到Autumn Rain Hitting Leaves成功！
2022-12-30 22:08:48-:INFO: -- 1号机切换到Space Walk成功！
2022-12-30 22:09:05-:INFO: -- 2号机切换到Space Walk成功！
2022-12-30 22:09:23-:INFO: -- 3号机切换到Space Walk成功！
2022-12-30 22:09:41-:INFO: -- 4号机切换到Space Walk成功！
2022-12-30 22:09:58-:INFO: -- 5号机切换到Space Walk成功！
2022-12-30 22:10:16-:INFO: -- 6号机切换到Space Walk成功！
2022-12-30 22:10:34-:INFO: -- 1号机切换到Crossing the Field成功！
2022-12-30 22:10:52-:INFO: -- 2号机切换到Crossing the Field成功！
2022-12-30 22:11:09-:INFO: -- 3号机切换到Crossing the Field成功！
2022-12-30 22:11:27-:INFO: -- 4号机切换到Crossing the Field成功！
2022-12-30 22:11:45-:INFO: -- 5号机切换到Crossing the Field成功！
2022-12-30 22:12:03-:INFO: -- 6号机切换到Crossing the Field成功！
2022-12-30 22:12:30-:INFO: -- 1号机切换到Morning成功！
2022-12-30 22:12:47-:INFO: -- 2号机切换到Morning成功！
2022-12-30 22:13:05-:INFO: -- 3号机切换到Morning成功！
2022-12-30 22:13:23-:INFO: -- 4号机切换到Morning成功！
2022-12-30 22:13:40-:INFO: -- 5号机切换到Morning成功！
2022-12-30 22:13:58-:INFO: -- 6号机切换到Morning成功！
2022-12-30 22:14:16-:INFO: -- 1号机切换到Heat Around a Fireplace成功！
2022-12-30 22:14:33-:INFO: -- 2号机切换到Heat Around a Fireplace成功！
2022-12-30 22:14:51-:INFO: -- 3号机切换到Heat Around a Fireplace成功！
2022-12-30 22:15:09-:INFO: -- 4号机切换到Heat Around a Fireplace成功！
2022-12-30 22:15:27-:INFO: -- 5号机切换到Heat Around a Fireplace成功！
2022-12-30 22:15:45-:INFO: -- 6号机切换到Heat Around a Fireplace成功！
2022-12-30 22:16:03-:INFO: -- 1号机切换到Creek成功！
2022-12-30 22:16:20-:INFO: -- 2号机切换到Creek成功！
2022-12-30 22:16:38-:INFO: -- 3号机切换到Creek成功！
2022-12-30 22:16:56-:INFO: -- 4号机切换到Creek成功！
2022-12-30 22:17:13-:INFO: -- 5号机切换到Creek成功！
2022-12-30 22:17:31-:INFO: -- 6号机切换到Creek成功！
2022-12-30 22:17:50-:INFO: -- 1号机切换到Good Night Kiss成功！
2022-12-30 22:18:10-:INFO: -- 2号机切换到Good Night Kiss成功！
2022-12-30 22:18:29-:INFO: -- 3号机切换到Good Night Kiss成功！
2022-12-30 22:18:46-:INFO: -- 4号机切换到Good Night Kiss成功！
2022-12-30 22:19:04-:INFO: -- 5号机切换到Good Night Kiss成功！
2022-12-30 22:19:21-:INFO: -- 6号机切换到Good Night Kiss成功！
2022-12-30 22:19:39-:INFO: -- 1号机切换到Night Light成功！
2022-12-30 22:19:57-:INFO: -- 2号机切换到Night Light成功！
2022-12-30 22:20:15-:INFO: -- 3号机切换到Night Light成功！
2022-12-30 22:20:33-:INFO: -- 4号机切换到Night Light成功！
2022-12-30 22:20:51-:INFO: -- 5号机切换到Night Light成功！
2022-12-30 22:21:08-:INFO: -- 6号机切换到Night Light成功！
2022-12-30 22:21:27-:INFO: -- 1号机切换到Meditation成功！
2022-12-30 22:21:45-:INFO: -- 2号机切换到Meditation成功！
2022-12-30 22:22:02-:INFO: -- 3号机切换到Meditation成功！
2022-12-30 22:22:20-:INFO: -- 4号机切换到Meditation成功！
2022-12-30 22:22:37-:INFO: -- 5号机切换到Meditation成功！
2022-12-30 22:22:55-:INFO: -- 6号机切换到Meditation成功！
2022-12-30 22:23:13-:INFO: -- 1号机切换到Firework Party成功！
2022-12-30 22:23:30-:INFO: -- 2号机切换到Firework Party成功！
2022-12-30 22:23:48-:INFO: -- 3号机切换到Firework Party成功！
2022-12-30 22:24:07-:INFO: -- 4号机切换到Firework Party成功！
2022-12-30 22:24:25-:INFO: -- 5号机切换到Firework Party成功！
2022-12-30 22:24:42-:INFO: -- 6号机切换到Firework Party成功！
2022-12-30 22:25:00-:INFO: -- 1号机切换到Deep Thought成功！
2022-12-30 22:25:20-:INFO: -- 2号机切换到Deep Thought成功！
2022-12-30 22:25:38-:INFO: -- 3号机切换到Deep Thought成功！
2022-12-30 22:25:55-:INFO: -- 4号机切换到Deep Thought成功！
2022-12-30 22:26:13-:INFO: -- 5号机切换到Deep Thought成功！
2022-12-30 22:26:31-:INFO: -- 6号机切换到Deep Thought成功！
2022-12-30 22:26:49-:INFO: -- 1号机切换到Rainbow Bubble成功！
2022-12-30 22:27:06-:INFO: -- 2号机切换到Rainbow Bubble成功！
2022-12-30 22:27:26-:INFO: -- 3号机切换到Rainbow Bubble成功！
2022-12-30 22:27:44-:INFO: -- 4号机切换到Rainbow Bubble成功！
2022-12-30 22:28:02-:INFO: -- 5号机切换到Rainbow Bubble成功！
2022-12-30 22:28:19-:INFO: -- 6号机切换到Rainbow Bubble成功！
2022-12-30 22:28:37-:INFO: -- 1号机切换到Autumn Rain Hitting Leaves成功！
2022-12-30 22:28:56-:INFO: -- 2号机切换到Autumn Rain Hitting Leaves成功！
2022-12-30 22:29:14-:INFO: -- 3号机切换到Autumn Rain Hitting Leaves成功！
2022-12-30 22:29:32-:INFO: -- 4号机切换到Autumn Rain Hitting Leaves成功！
2022-12-30 22:29:49-:INFO: -- 5号机切换到Autumn Rain Hitting Leaves成功！
2022-12-30 22:30:07-:INFO: -- 6号机切换到Autumn Rain Hitting Leaves成功！
2022-12-30 22:30:25-:INFO: -- 1号机切换到Space Walk成功！
2022-12-30 22:30:42-:INFO: -- 2号机切换到Space Walk成功！
2022-12-30 22:31:00-:INFO: -- 3号机切换到Space Walk成功！
2022-12-30 22:31:18-:INFO: -- 4号机切换到Space Walk成功！
2022-12-30 22:31:35-:INFO: -- 5号机切换到Space Walk成功！
2022-12-30 22:31:53-:INFO: -- 6号机切换到Space Walk成功！
2022-12-30 22:32:10-:INFO: -- 1号机切换到Crossing the Field成功！
2022-12-30 22:32:29-:INFO: -- 2号机切换到Crossing the Field成功！
2022-12-30 22:32:47-:INFO: -- 3号机切换到Crossing the Field成功！
2022-12-30 22:33:04-:INFO: -- 4号机切换到Crossing the Field成功！
2022-12-30 22:33:21-:INFO: -- 5号机切换到Crossing the Field成功！
2022-12-30 22:33:39-:INFO: -- 6号机切换到Crossing the Field成功！
2022-12-30 22:34:07-:INFO: -- 1号机切换到Morning成功！
2022-12-30 22:34:25-:INFO: -- 10秒wifi还没连接上，设备详情页加载失败
2022-12-30 22:34:25-:INFO: -- 退出详情页
2022-12-30 22:34:37-:INFO: -- 10秒wifi还没连接上，设备详情页加载失败
2022-12-30 22:34:42-:INFO: -- 退出详情页
2022-12-30 22:35:09-:INFO: -- 3号机切换到Morning成功！
2022-12-30 22:35:26-:INFO: -- 4号机切换到Morning成功！
2022-12-30 22:35:44-:INFO: -- 5号机切换到Morning成功！
2022-12-30 22:36:03-:INFO: -- 6号机切换到Morning成功！
2022-12-30 22:36:21-:INFO: -- 1号机切换到Heat Around a Fireplace成功！
2022-12-30 22:36:39-:INFO: -- 2号机切换到Heat Around a Fireplace成功！
2022-12-30 22:36:57-:INFO: -- 3号机切换到Heat Around a Fireplace成功！
2022-12-30 22:37:15-:INFO: -- 4号机切换到Heat Around a Fireplace成功！
2022-12-30 22:37:32-:INFO: -- 5号机切换到Heat Around a Fireplace成功！
2022-12-30 22:37:50-:INFO: -- 6号机切换到Heat Around a Fireplace成功！
2022-12-30 22:38:08-:INFO: -- 1号机切换到Creek成功！
2022-12-30 22:38:25-:INFO: -- 2号机切换到Creek成功！
2022-12-30 22:38:43-:INFO: -- 3号机切换到Creek成功！
2022-12-30 22:39:00-:INFO: -- 4号机切换到Creek成功！
2022-12-30 22:39:18-:INFO: -- 5号机切换到Creek成功！
2022-12-30 22:39:36-:INFO: -- 6号机切换到Creek成功！
2022-12-30 22:39:54-:INFO: -- 1号机切换到Good Night Kiss成功！
2022-12-30 22:40:11-:INFO: -- 2号机切换到Good Night Kiss成功！
2022-12-30 22:40:29-:INFO: -- 3号机切换到Good Night Kiss成功！
2022-12-30 22:40:47-:INFO: -- 4号机切换到Good Night Kiss成功！
2022-12-30 22:41:05-:INFO: -- 5号机切换到Good Night Kiss成功！
2022-12-30 22:41:23-:INFO: -- 6号机切换到Good Night Kiss成功！
2022-12-30 22:41:40-:INFO: -- 1号机切换到Night Light成功！
2022-12-30 22:41:58-:INFO: -- 2号机切换到Night Light成功！
2022-12-30 22:42:15-:INFO: -- 3号机切换到Night Light成功！
2022-12-30 22:42:34-:INFO: -- 4号机切换到Night Light成功！
2022-12-30 22:42:52-:INFO: -- 5号机切换到Night Light成功！
2022-12-30 22:43:10-:INFO: -- 6号机切换到Night Light成功！
2022-12-30 22:43:27-:INFO: -- 1号机切换到Meditation成功！
2022-12-30 22:43:45-:INFO: -- 2号机切换到Meditation成功！
2022-12-30 22:44:03-:INFO: -- 3号机切换到Meditation成功！
2022-12-30 22:44:21-:INFO: -- 4号机切换到Meditation成功！
2022-12-30 22:44:40-:INFO: -- 5号机切换到Meditation成功！
2022-12-30 22:44:58-:INFO: -- 6号机切换到Meditation成功！
2022-12-30 22:45:16-:INFO: -- 1号机切换到Firework Party成功！
2022-12-30 22:45:34-:INFO: -- 2号机切换到Firework Party成功！
2022-12-30 22:45:53-:INFO: -- 3号机切换到Firework Party成功！
2022-12-30 22:46:10-:INFO: -- 4号机切换到Firework Party成功！
2022-12-30 22:46:28-:INFO: -- 5号机切换到Firework Party成功！
2022-12-30 22:46:45-:INFO: -- 6号机切换到Firework Party成功！
2022-12-30 22:47:03-:INFO: -- 1号机切换到Deep Thought成功！
2022-12-30 22:47:21-:INFO: -- 2号机切换到Deep Thought成功！
2022-12-30 22:47:38-:INFO: -- 3号机切换到Deep Thought成功！
2022-12-30 22:47:56-:INFO: -- 4号机切换到Deep Thought成功！
2022-12-30 22:48:14-:INFO: -- 5号机切换到Deep Thought成功！
2022-12-30 22:48:31-:INFO: -- 6号机切换到Deep Thought成功！
2022-12-30 22:48:49-:INFO: -- 1号机切换到Rainbow Bubble成功！
2022-12-30 22:49:09-:INFO: -- 2号机切换到Rainbow Bubble成功！
2022-12-30 22:49:26-:INFO: -- 3号机切换到Rainbow Bubble成功！
2022-12-30 22:49:44-:INFO: -- 4号机切换到Rainbow Bubble成功！
2022-12-30 22:50:02-:INFO: -- 5号机切换到Rainbow Bubble成功！
2022-12-30 22:50:19-:INFO: -- 6号机切换到Rainbow Bubble成功！
2022-12-30 22:50:37-:INFO: -- 1号机切换到Autumn Rain Hitting Leaves成功！
2022-12-30 22:51:00-:INFO: -- 2号机切换到Autumn Rain Hitting Leaves成功！
2022-12-30 22:51:19-:INFO: -- 3号机切换到Autumn Rain Hitting Leaves成功！
2022-12-30 22:51:36-:INFO: -- 4号机切换到Autumn Rain Hitting Leaves成功！
2022-12-30 22:51:54-:INFO: -- 5号机切换到Autumn Rain Hitting Leaves成功！
2022-12-30 22:52:12-:INFO: -- 6号机切换到Autumn Rain Hitting Leaves成功！
2022-12-30 22:52:29-:INFO: -- 1号机切换到Space Walk成功！
2022-12-30 22:52:47-:INFO: -- 2号机切换到Space Walk成功！
2022-12-30 22:53:04-:INFO: -- 3号机切换到Space Walk成功！
2022-12-30 22:53:22-:INFO: -- 4号机切换到Space Walk成功！
2022-12-30 22:53:40-:INFO: -- 5号机切换到Space Walk成功！
2022-12-30 22:53:58-:INFO: -- 6号机切换到Space Walk成功！
2022-12-30 22:54:16-:INFO: -- 1号机切换到Crossing the Field成功！
2022-12-30 22:54:34-:INFO: -- 2号机切换到Crossing the Field成功！
2022-12-30 22:54:52-:INFO: -- 3号机切换到Crossing the Field成功！
2022-12-30 22:55:10-:INFO: -- 4号机切换到Crossing the Field成功！
2022-12-30 22:55:28-:INFO: -- 5号机切换到Crossing the Field成功！
2022-12-30 22:55:45-:INFO: -- 6号机切换到Crossing the Field成功！
2022-12-30 22:56:13-:INFO: -- 1号机切换到Morning成功！
2022-12-30 22:56:30-:INFO: -- 2号机切换到Morning成功！
2022-12-30 22:56:48-:INFO: -- 3号机切换到Morning成功！
2022-12-30 22:57:06-:INFO: -- 4号机切换到Morning成功！
2022-12-30 22:57:24-:INFO: -- 5号机切换到Morning成功！
2022-12-30 22:57:42-:INFO: -- 6号机切换到Morning成功！
2022-12-30 22:57:59-:INFO: -- 1号机切换到Heat Around a Fireplace成功！
2022-12-30 22:58:17-:INFO: -- 2号机切换到Heat Around a Fireplace成功！
2022-12-30 22:58:35-:INFO: -- 3号机切换到Heat Around a Fireplace成功！
2022-12-30 22:58:52-:INFO: -- 4号机切换到Heat Around a Fireplace成功！
2022-12-30 22:59:10-:INFO: -- 5号机切换到Heat Around a Fireplace成功！
2022-12-30 22:59:28-:INFO: -- 6号机切换到Heat Around a Fireplace成功！
2022-12-30 22:59:46-:INFO: -- 1号机切换到Creek成功！
2022-12-30 23:00:03-:INFO: -- 2号机切换到Creek成功！
2022-12-30 23:00:21-:INFO: -- 3号机切换到Creek成功！
2022-12-30 23:00:39-:INFO: -- 4号机切换到Creek成功！
2022-12-30 23:00:56-:INFO: -- 5号机切换到Creek成功！
2022-12-30 23:01:14-:INFO: -- 6号机切换到Creek成功！
2022-12-30 23:01:32-:INFO: -- 1号机切换到Good Night Kiss成功！
2022-12-30 23:01:52-:INFO: -- 2号机切换到Good Night Kiss成功！
2022-12-30 23:02:09-:INFO: -- 3号机切换到Good Night Kiss成功！
2022-12-30 23:02:27-:INFO: -- 4号机切换到Good Night Kiss成功！
2022-12-30 23:02:45-:INFO: -- 5号机切换到Good Night Kiss成功！
2022-12-30 23:03:02-:INFO: -- 6号机切换到Good Night Kiss成功！
2022-12-30 23:03:20-:INFO: -- 1号机切换到Night Light成功！
2022-12-30 23:03:37-:INFO: -- 2号机切换到Night Light成功！
2022-12-30 23:03:55-:INFO: -- 3号机切换到Night Light成功！
2022-12-30 23:04:13-:INFO: -- 4号机切换到Night Light成功！
2022-12-30 23:04:30-:INFO: -- 5号机切换到Night Light成功！
2022-12-30 23:04:48-:INFO: -- 6号机切换到Night Light成功！
2022-12-30 23:05:06-:INFO: -- 1号机切换到Meditation成功！
2022-12-30 23:05:24-:INFO: -- 2号机切换到Meditation成功！
2022-12-30 23:05:42-:INFO: -- 3号机切换到Meditation成功！
2022-12-30 23:06:01-:INFO: -- 4号机切换到Meditation成功！
2022-12-30 23:06:19-:INFO: -- 5号机切换到Meditation成功！
2022-12-30 23:06:36-:INFO: -- 6号机切换到Meditation成功！
2022-12-30 23:06:54-:INFO: -- 1号机切换到Firework Party成功！
2022-12-30 23:07:11-:INFO: -- 2号机切换到Firework Party成功！
2022-12-30 23:07:30-:INFO: -- 3号机切换到Firework Party成功！
2022-12-30 23:07:48-:INFO: -- 4号机切换到Firework Party成功！
2022-12-30 23:08:06-:INFO: -- 5号机切换到Firework Party成功！
2022-12-30 23:08:24-:INFO: -- 6号机切换到Firework Party成功！
2022-12-30 23:08:42-:INFO: -- 1号机切换到Deep Thought成功！
2022-12-30 23:09:00-:INFO: -- 2号机切换到Deep Thought成功！
2022-12-30 23:09:17-:INFO: -- 3号机切换到Deep Thought成功！
2022-12-30 23:09:37-:INFO: -- 4号机切换到Deep Thought成功！
2022-12-30 23:09:56-:INFO: -- 5号机切换到Deep Thought成功！
2022-12-30 23:10:14-:INFO: -- 6号机切换到Deep Thought成功！
2022-12-30 23:10:32-:INFO: -- 1号机切换到Rainbow Bubble成功！
2022-12-30 23:10:49-:INFO: -- 2号机切换到Rainbow Bubble成功！
2022-12-30 23:11:07-:INFO: -- 3号机切换到Rainbow Bubble成功！
2022-12-30 23:11:24-:INFO: -- 4号机切换到Rainbow Bubble成功！
2022-12-30 23:11:42-:INFO: -- 5号机切换到Rainbow Bubble成功！
2022-12-30 23:12:00-:INFO: -- 6号机切换到Rainbow Bubble成功！
2022-12-30 23:12:17-:INFO: -- 1号机切换到Autumn Rain Hitting Leaves成功！
2022-12-30 23:12:37-:INFO: -- 2号机切换到Autumn Rain Hitting Leaves成功！
2022-12-30 23:12:54-:INFO: -- 3号机切换到Autumn Rain Hitting Leaves成功！
2022-12-30 23:13:12-:INFO: -- 4号机切换到Autumn Rain Hitting Leaves成功！
2022-12-30 23:13:29-:INFO: -- 5号机切换到Autumn Rain Hitting Leaves成功！
2022-12-30 23:13:47-:INFO: -- 6号机切换到Autumn Rain Hitting Leaves成功！
2022-12-30 23:14:04-:INFO: -- 1号机切换到Space Walk成功！
2022-12-30 23:14:22-:INFO: -- 2号机切换到Space Walk成功！
2022-12-30 23:14:40-:INFO: -- 3号机切换到Space Walk成功！
2022-12-30 23:14:57-:INFO: -- 4号机切换到Space Walk成功！
2022-12-30 23:15:15-:INFO: -- 5号机切换到Space Walk成功！
2022-12-30 23:15:33-:INFO: -- 6号机切换到Space Walk成功！
2022-12-30 23:15:52-:INFO: -- 1号机切换到Crossing the Field成功！
2022-12-30 23:16:10-:INFO: -- 2号机切换到Crossing the Field成功！
2022-12-30 23:16:28-:INFO: -- 3号机切换到Crossing the Field成功！
2022-12-30 23:16:45-:INFO: -- 4号机切换到Crossing the Field成功！
2022-12-30 23:17:03-:INFO: -- 5号机切换到Crossing the Field成功！
2022-12-30 23:17:22-:INFO: -- 6号机切换到Crossing the Field成功！
2022-12-30 23:17:50-:INFO: -- 1号机切换到Morning成功！
2022-12-30 23:18:08-:INFO: -- 2号机切换到Morning成功！
2022-12-30 23:18:25-:INFO: -- 3号机切换到Morning成功！
2022-12-30 23:18:43-:INFO: -- 4号机切换到Morning成功！
2022-12-30 23:19:07-:INFO: -- 5号机切换到Morning成功！
2022-12-30 23:19:26-:INFO: -- 6号机切换到Morning成功！
2022-12-30 23:19:44-:INFO: -- 1号机切换到Heat Around a Fireplace成功！
2022-12-30 23:20:02-:INFO: -- 2号机切换到Heat Around a Fireplace成功！
2022-12-30 23:20:22-:INFO: -- 3号机切换到Heat Around a Fireplace成功！
2022-12-30 23:20:40-:INFO: -- 4号机切换到Heat Around a Fireplace成功！
2022-12-30 23:20:58-:INFO: -- 5号机切换到Heat Around a Fireplace成功！
2022-12-30 23:21:16-:INFO: -- 6号机切换到Heat Around a Fireplace成功！
2022-12-30 23:21:34-:INFO: -- 1号机切换到Creek成功！
2022-12-30 23:21:52-:INFO: -- 2号机切换到Creek成功！
2022-12-30 23:22:10-:INFO: -- 3号机切换到Creek成功！
2022-12-30 23:22:27-:INFO: -- 4号机切换到Creek成功！
2022-12-30 23:22:45-:INFO: -- 5号机切换到Creek成功！
2022-12-30 23:23:03-:INFO: -- 6号机切换到Creek成功！
2022-12-30 23:23:20-:INFO: -- 1号机切换到Good Night Kiss成功！
2022-12-30 23:23:38-:INFO: -- 2号机切换到Good Night Kiss成功！
2022-12-30 23:23:55-:INFO: -- 3号机切换到Good Night Kiss成功！
2022-12-30 23:24:13-:INFO: -- 4号机切换到Good Night Kiss成功！
2022-12-30 23:24:30-:INFO: -- 5号机切换到Good Night Kiss成功！
2022-12-30 23:24:48-:INFO: -- 6号机切换到Good Night Kiss成功！
2022-12-30 23:25:05-:INFO: -- 1号机切换到Night Light成功！
2022-12-30 23:25:23-:INFO: -- 2号机切换到Night Light成功！
2022-12-30 23:25:41-:INFO: -- 3号机切换到Night Light成功！
2022-12-30 23:25:59-:INFO: -- 4号机切换到Night Light成功！
2022-12-30 23:26:16-:INFO: -- 5号机切换到Night Light成功！
2022-12-30 23:26:34-:INFO: -- 6号机切换到Night Light成功！
2022-12-30 23:26:52-:INFO: -- 1号机切换到Meditation成功！
2022-12-30 23:27:10-:INFO: -- 2号机切换到Meditation成功！
2022-12-30 23:27:28-:INFO: -- 3号机切换到Meditation成功！
2022-12-30 23:27:46-:INFO: -- 4号机切换到Meditation成功！
2022-12-30 23:28:03-:INFO: -- 5号机切换到Meditation成功！
2022-12-30 23:28:21-:INFO: -- 6号机切换到Meditation成功！
2022-12-30 23:28:38-:INFO: -- 1号机切换到Firework Party成功！
2022-12-30 23:28:56-:INFO: -- 2号机切换到Firework Party成功！
2022-12-30 23:29:15-:INFO: -- 3号机切换到Firework Party成功！
2022-12-30 23:29:33-:INFO: -- 4号机切换到Firework Party成功！
2022-12-30 23:29:50-:INFO: -- 5号机切换到Firework Party成功！
2022-12-30 23:30:08-:INFO: -- 6号机切换到Firework Party成功！
2022-12-30 23:30:25-:INFO: -- 1号机切换到Deep Thought成功！
2022-12-30 23:30:43-:INFO: -- 2号机切换到Deep Thought成功！
2022-12-30 23:31:01-:INFO: -- 3号机切换到Deep Thought成功！
2022-12-30 23:31:19-:INFO: -- 4号机切换到Deep Thought成功！
2022-12-30 23:31:36-:INFO: -- 5号机切换到Deep Thought成功！
2022-12-30 23:31:54-:INFO: -- 6号机切换到Deep Thought成功！
2022-12-30 23:32:12-:INFO: -- 1号机切换到Rainbow Bubble成功！
2022-12-30 23:32:31-:INFO: -- 2号机切换到Rainbow Bubble成功！
2022-12-30 23:32:48-:INFO: -- 3号机切换到Rainbow Bubble成功！
2022-12-30 23:33:06-:INFO: -- 4号机切换到Rainbow Bubble成功！
2022-12-30 23:33:24-:INFO: -- 5号机切换到Rainbow Bubble成功！
2022-12-30 23:33:42-:INFO: -- 6号机切换到Rainbow Bubble成功！
2022-12-30 23:34:00-:INFO: -- 1号机切换到Autumn Rain Hitting Leaves成功！
2022-12-30 23:34:19-:INFO: -- 2号机切换到Autumn Rain Hitting Leaves成功！
2022-12-30 23:34:38-:INFO: -- 3号机切换到Autumn Rain Hitting Leaves成功！
2022-12-30 23:34:56-:INFO: -- 4号机切换到Autumn Rain Hitting Leaves成功！
2022-12-30 23:35:13-:INFO: -- 5号机切换到Autumn Rain Hitting Leaves成功！
2022-12-30 23:35:30-:INFO: -- 6号机切换到Autumn Rain Hitting Leaves成功！
2022-12-30 23:35:48-:INFO: -- 1号机切换到Space Walk成功！
2022-12-30 23:36:06-:INFO: -- 2号机切换到Space Walk成功！
2022-12-30 23:36:24-:INFO: -- 3号机切换到Space Walk成功！
2022-12-30 23:36:41-:INFO: -- 4号机切换到Space Walk成功！
2022-12-30 23:36:59-:INFO: -- 5号机切换到Space Walk成功！
2022-12-30 23:37:17-:INFO: -- 6号机切换到Space Walk成功！
2022-12-30 23:37:34-:INFO: -- 1号机切换到Crossing the Field成功！
2022-12-30 23:37:52-:INFO: -- 2号机切换到Crossing the Field成功！
2022-12-30 23:38:10-:INFO: -- 3号机切换到Crossing the Field成功！
2022-12-30 23:38:27-:INFO: -- 4号机切换到Crossing the Field成功！
2022-12-30 23:38:45-:INFO: -- 5号机切换到Crossing the Field成功！
2022-12-30 23:39:03-:INFO: -- 6号机切换到Crossing the Field成功！
2022-12-30 23:39:31-:INFO: -- 1号机切换到Morning成功！
2022-12-30 23:39:49-:INFO: -- 2号机切换到Morning成功！
2022-12-30 23:40:07-:INFO: -- 3号机切换到Morning成功！
2022-12-30 23:40:24-:INFO: -- 4号机切换到Morning成功！
2022-12-30 23:40:43-:INFO: -- 5号机切换到Morning成功！
2022-12-30 23:41:01-:INFO: -- 6号机切换到Morning成功！
2022-12-30 23:41:18-:INFO: -- 1号机切换到Heat Around a Fireplace成功！
2022-12-30 23:41:36-:INFO: -- 2号机切换到Heat Around a Fireplace成功！
2022-12-30 23:41:54-:INFO: -- 3号机切换到Heat Around a Fireplace成功！
2022-12-30 23:42:11-:INFO: -- 4号机切换到Heat Around a Fireplace成功！
2022-12-30 23:42:29-:INFO: -- 5号机切换到Heat Around a Fireplace成功！
2022-12-30 23:42:47-:INFO: -- 6号机切换到Heat Around a Fireplace成功！
2022-12-30 23:43:04-:INFO: -- 1号机切换到Creek成功！
2022-12-30 23:43:21-:INFO: -- 2号机切换到Creek成功！
2022-12-30 23:43:39-:INFO: -- 3号机切换到Creek成功！
2022-12-30 23:43:57-:INFO: -- 4号机切换到Creek成功！
2022-12-30 23:44:15-:INFO: -- 5号机切换到Creek成功！
2022-12-30 23:44:32-:INFO: -- 6号机切换到Creek成功！
2022-12-30 23:44:50-:INFO: -- 1号机切换到Good Night Kiss成功！
2022-12-30 23:45:08-:INFO: -- 2号机切换到Good Night Kiss成功！
2022-12-30 23:45:26-:INFO: -- 3号机切换到Good Night Kiss成功！
2022-12-30 23:45:44-:INFO: -- 4号机切换到Good Night Kiss成功！
2022-12-30 23:46:01-:INFO: -- 5号机切换到Good Night Kiss成功！
2022-12-30 23:46:19-:INFO: -- 6号机切换到Good Night Kiss成功！
2022-12-30 23:46:38-:INFO: -- 1号机切换到Night Light成功！
2022-12-30 23:46:57-:INFO: -- 2号机切换到Night Light成功！
2022-12-30 23:47:15-:INFO: -- 3号机切换到Night Light成功！
2022-12-30 23:47:34-:INFO: -- 4号机切换到Night Light成功！
2022-12-30 23:47:53-:INFO: -- 5号机切换到Night Light成功！
2022-12-30 23:48:11-:INFO: -- 6号机切换到Night Light成功！
2022-12-30 23:48:29-:INFO: -- 1号机切换到Meditation成功！
2022-12-30 23:48:47-:INFO: -- 2号机切换到Meditation成功！
2022-12-30 23:49:05-:INFO: -- 3号机切换到Meditation成功！
2022-12-30 23:49:22-:INFO: -- 4号机切换到Meditation成功！
2022-12-30 23:49:40-:INFO: -- 5号机切换到Meditation成功！
2022-12-30 23:49:58-:INFO: -- 6号机切换到Meditation成功！
2022-12-30 23:50:15-:INFO: -- 1号机切换到Firework Party成功！
2022-12-30 23:50:33-:INFO: -- 2号机切换到Firework Party成功！
2022-12-30 23:50:50-:INFO: -- 3号机切换到Firework Party成功！
2022-12-30 23:51:09-:INFO: -- 4号机切换到Firework Party成功！
2022-12-30 23:51:26-:INFO: -- 5号机切换到Firework Party成功！
2022-12-30 23:51:44-:INFO: -- 6号机切换到Firework Party成功！
2022-12-30 23:52:02-:INFO: -- 1号机切换到Deep Thought成功！
2022-12-30 23:52:19-:INFO: -- 2号机切换到Deep Thought成功！
2022-12-30 23:52:38-:INFO: -- 3号机切换到Deep Thought成功！
2022-12-30 23:52:56-:INFO: -- 4号机切换到Deep Thought成功！
2022-12-30 23:53:13-:INFO: -- 5号机切换到Deep Thought成功！
2022-12-30 23:53:31-:INFO: -- 6号机切换到Deep Thought成功！
2022-12-30 23:53:49-:INFO: -- 1号机切换到Rainbow Bubble成功！
2022-12-30 23:54:06-:INFO: -- 2号机切换到Rainbow Bubble成功！
2022-12-30 23:54:24-:INFO: -- 3号机切换到Rainbow Bubble成功！
2022-12-30 23:54:41-:INFO: -- 4号机切换到Rainbow Bubble成功！
2022-12-30 23:54:59-:INFO: -- 5号机切换到Rainbow Bubble成功！
2022-12-30 23:55:18-:INFO: -- 6号机切换到Rainbow Bubble成功！
2022-12-30 23:55:36-:INFO: -- 1号机切换到Autumn Rain Hitting Leaves成功！
2022-12-30 23:55:55-:INFO: -- 2号机切换到Autumn Rain Hitting Leaves成功！
2022-12-30 23:56:13-:INFO: -- 3号机切换到Autumn Rain Hitting Leaves成功！
2022-12-30 23:56:31-:INFO: -- 4号机切换到Autumn Rain Hitting Leaves成功！
2022-12-30 23:56:49-:INFO: -- 5号机切换到Autumn Rain Hitting Leaves成功！
2022-12-30 23:57:06-:INFO: -- 6号机切换到Autumn Rain Hitting Leaves成功！
2022-12-30 23:57:24-:INFO: -- 1号机切换到Space Walk成功！
2022-12-30 23:57:42-:INFO: -- 2号机切换到Space Walk成功！
2022-12-30 23:57:59-:INFO: -- 3号机切换到Space Walk成功！
2022-12-30 23:58:17-:INFO: -- 4号机切换到Space Walk成功！
2022-12-30 23:58:35-:INFO: -- 5号机切换到Space Walk成功！
2022-12-30 23:58:52-:INFO: -- 6号机切换到Space Walk成功！
2022-12-30 23:59:10-:INFO: -- 1号机切换到Crossing the Field成功！
2022-12-30 23:59:28-:INFO: -- 2号机切换到Crossing the Field成功！
2022-12-30 23:59:46-:INFO: -- 3号机切换到Crossing the Field成功！
2022-12-31 00:00:03-:INFO: -- 4号机切换到Crossing the Field成功！
2022-12-31 00:00:21-:INFO: -- 5号机切换到Crossing the Field成功！
2022-12-31 00:00:39-:INFO: -- 6号机切换到Crossing the Field成功！
2022-12-31 00:01:06-:INFO: -- 1号机切换到Morning成功！
2022-12-31 00:01:24-:INFO: -- 2号机切换到Morning成功！
2022-12-31 00:01:42-:INFO: -- 3号机切换到Morning成功！
2022-12-31 00:02:00-:INFO: -- 4号机切换到Morning成功！
2022-12-31 00:02:18-:INFO: -- 5号机切换到Morning成功！
2022-12-31 00:02:36-:INFO: -- 6号机切换到Morning成功！
2022-12-31 00:02:53-:INFO: -- 1号机切换到Heat Around a Fireplace成功！
2022-12-31 00:03:11-:INFO: -- 2号机切换到Heat Around a Fireplace成功！
2022-12-31 00:03:29-:INFO: -- 3号机切换到Heat Around a Fireplace成功！
2022-12-31 00:03:48-:INFO: -- 4号机切换到Heat Around a Fireplace成功！
2022-12-31 00:04:05-:INFO: -- 5号机切换到Heat Around a Fireplace成功！
2022-12-31 00:04:23-:INFO: -- 6号机切换到Heat Around a Fireplace成功！
2022-12-31 00:04:42-:INFO: -- 1号机切换到Creek成功！
2022-12-31 00:04:59-:INFO: -- 2号机切换到Creek成功！
2022-12-31 00:05:17-:INFO: -- 3号机切换到Creek成功！
2022-12-31 00:05:34-:INFO: -- 4号机切换到Creek成功！
2022-12-31 00:05:52-:INFO: -- 5号机切换到Creek成功！
2022-12-31 00:06:10-:INFO: -- 6号机切换到Creek成功！
2022-12-31 00:06:28-:INFO: -- 1号机切换到Good Night Kiss成功！
2022-12-31 00:06:45-:INFO: -- 2号机切换到Good Night Kiss成功！
2022-12-31 00:07:03-:INFO: -- 3号机切换到Good Night Kiss成功！
2022-12-31 00:07:21-:INFO: -- 4号机切换到Good Night Kiss成功！
2022-12-31 00:07:38-:INFO: -- 5号机切换到Good Night Kiss成功！
2022-12-31 00:07:56-:INFO: -- 6号机切换到Good Night Kiss成功！
2022-12-31 00:08:14-:INFO: -- 1号机切换到Night Light成功！
2022-12-31 00:08:32-:INFO: -- 2号机切换到Night Light成功！
2022-12-31 00:08:50-:INFO: -- 3号机切换到Night Light成功！
2022-12-31 00:09:07-:INFO: -- 4号机切换到Night Light成功！
2022-12-31 00:09:25-:INFO: -- 5号机切换到Night Light成功！
2022-12-31 00:09:43-:INFO: -- 6号机切换到Night Light成功！
2022-12-31 00:10:01-:INFO: -- 1号机切换到Meditation成功！
2022-12-31 00:10:19-:INFO: -- 2号机切换到Meditation成功！
2022-12-31 00:10:37-:INFO: -- 3号机切换到Meditation成功！
2022-12-31 00:10:55-:INFO: -- 4号机切换到Meditation成功！
2022-12-31 00:11:12-:INFO: -- 5号机切换到Meditation成功！
2022-12-31 00:11:30-:INFO: -- 6号机切换到Meditation成功！
2022-12-31 00:11:48-:INFO: -- 1号机切换到Firework Party成功！
2022-12-31 00:12:06-:INFO: -- 2号机切换到Firework Party成功！
2022-12-31 00:12:24-:INFO: -- 3号机切换到Firework Party成功！
2022-12-31 00:12:42-:INFO: -- 4号机切换到Firework Party成功！
2022-12-31 00:13:00-:INFO: -- 5号机切换到Firework Party成功！
2022-12-31 00:13:19-:INFO: -- 6号机切换到Firework Party成功！
2022-12-31 00:13:37-:INFO: -- 1号机切换到Deep Thought成功！
2022-12-31 00:13:55-:INFO: -- 2号机切换到Deep Thought成功！
2022-12-31 00:14:13-:INFO: -- 3号机切换到Deep Thought成功！
2022-12-31 00:14:30-:INFO: -- 4号机切换到Deep Thought成功！
2022-12-31 00:14:48-:INFO: -- 5号机切换到Deep Thought成功！
2022-12-31 00:15:05-:INFO: -- 6号机切换到Deep Thought成功！
2022-12-31 00:15:23-:INFO: -- 1号机切换到Rainbow Bubble成功！
2022-12-31 00:15:40-:INFO: -- 2号机切换到Rainbow Bubble成功！
2022-12-31 00:15:58-:INFO: -- 3号机切换到Rainbow Bubble成功！
2022-12-31 00:16:16-:INFO: -- 4号机切换到Rainbow Bubble成功！
2022-12-31 00:16:34-:INFO: -- 5号机切换到Rainbow Bubble成功！
2022-12-31 00:16:51-:INFO: -- 6号机切换到Rainbow Bubble成功！
2022-12-31 00:17:09-:INFO: -- 1号机切换到Autumn Rain Hitting Leaves成功！
2022-12-31 00:17:27-:INFO: -- 2号机切换到Autumn Rain Hitting Leaves成功！
2022-12-31 00:17:44-:INFO: -- 3号机切换到Autumn Rain Hitting Leaves成功！
2022-12-31 00:18:03-:INFO: -- 4号机切换到Autumn Rain Hitting Leaves成功！
2022-12-31 00:18:20-:INFO: -- 5号机切换到Autumn Rain Hitting Leaves成功！
2022-12-31 00:18:38-:INFO: -- 6号机切换到Autumn Rain Hitting Leaves成功！
2022-12-31 00:18:56-:INFO: -- 1号机切换到Space Walk成功！
2022-12-31 00:19:14-:INFO: -- 2号机切换到Space Walk成功！
2022-12-31 00:19:31-:INFO: -- 3号机切换到Space Walk成功！
2022-12-31 00:19:49-:INFO: -- 4号机切换到Space Walk成功！
2022-12-31 00:20:07-:INFO: -- 5号机切换到Space Walk成功！
2022-12-31 00:20:25-:INFO: -- 6号机切换到Space Walk成功！
2022-12-31 00:20:43-:INFO: -- 1号机切换到Crossing the Field成功！
2022-12-31 00:21:01-:INFO: -- 2号机切换到Crossing the Field成功！
2022-12-31 00:21:18-:INFO: -- 3号机切换到Crossing the Field成功！
2022-12-31 00:21:36-:INFO: -- 4号机切换到Crossing the Field成功！
2022-12-31 00:21:54-:INFO: -- 5号机切换到Crossing the Field成功！
2022-12-31 00:22:12-:INFO: -- 6号机切换到Crossing the Field成功！
2022-12-31 00:22:40-:INFO: -- 1号机切换到Morning成功！
2022-12-31 00:22:58-:INFO: -- 2号机切换到Morning成功！
2022-12-31 00:23:15-:INFO: -- 3号机切换到Morning成功！
2022-12-31 00:23:33-:INFO: -- 4号机切换到Morning成功！
2022-12-31 00:23:51-:INFO: -- 5号机切换到Morning成功！
2022-12-31 00:24:09-:INFO: -- 6号机切换到Morning成功！
2022-12-31 00:24:26-:INFO: -- 1号机切换到Heat Around a Fireplace成功！
2022-12-31 00:24:44-:INFO: -- 2号机切换到Heat Around a Fireplace成功！
2022-12-31 00:25:02-:INFO: -- 3号机切换到Heat Around a Fireplace成功！
2022-12-31 00:25:21-:INFO: -- 4号机切换到Heat Around a Fireplace成功！
2022-12-31 00:25:39-:INFO: -- 5号机切换到Heat Around a Fireplace成功！
2022-12-31 00:25:57-:INFO: -- 6号机切换到Heat Around a Fireplace成功！
2022-12-31 00:26:15-:INFO: -- 1号机切换到Creek成功！
2022-12-31 00:26:33-:INFO: -- 2号机切换到Creek成功！
2022-12-31 00:26:51-:INFO: -- 3号机切换到Creek成功！
2022-12-31 00:27:08-:INFO: -- 4号机切换到Creek成功！
2022-12-31 00:27:26-:INFO: -- 5号机切换到Creek成功！
2022-12-31 00:27:44-:INFO: -- 6号机切换到Creek成功！
2022-12-31 00:28:01-:INFO: -- 1号机切换到Good Night Kiss成功！
2022-12-31 00:28:19-:INFO: -- 2号机切换到Good Night Kiss成功！
2022-12-31 00:28:37-:INFO: -- 3号机切换到Good Night Kiss成功！
2022-12-31 00:28:55-:INFO: -- 4号机切换到Good Night Kiss成功！
2022-12-31 00:29:12-:INFO: -- 5号机切换到Good Night Kiss成功！
2022-12-31 00:29:29-:INFO: -- 6号机切换到Good Night Kiss成功！
2022-12-31 00:29:48-:INFO: -- 1号机切换到Night Light成功！
2022-12-31 00:30:07-:INFO: -- 2号机切换到Night Light成功！
2022-12-31 00:30:26-:INFO: -- 3号机切换到Night Light成功！
2022-12-31 00:30:44-:INFO: -- 4号机切换到Night Light成功！
2022-12-31 00:31:02-:INFO: -- 5号机切换到Night Light成功！
2022-12-31 00:31:19-:INFO: -- 6号机切换到Night Light成功！
2022-12-31 00:31:37-:INFO: -- 1号机切换到Meditation成功！
2022-12-31 00:31:55-:INFO: -- 2号机切换到Meditation成功！
2022-12-31 00:32:12-:INFO: -- 3号机切换到Meditation成功！
2022-12-31 00:32:30-:INFO: -- 4号机切换到Meditation成功！
2022-12-31 00:32:48-:INFO: -- 5号机切换到Meditation成功！
2022-12-31 00:33:05-:INFO: -- 6号机切换到Meditation成功！
2022-12-31 00:33:23-:INFO: -- 1号机切换到Firework Party成功！
2022-12-31 00:33:41-:INFO: -- 2号机切换到Firework Party成功！
2022-12-31 00:33:59-:INFO: -- 3号机切换到Firework Party成功！
2022-12-31 00:34:18-:INFO: -- 4号机切换到Firework Party成功！
2022-12-31 00:34:35-:INFO: -- 5号机切换到Firework Party成功！
2022-12-31 00:34:53-:INFO: -- 6号机切换到Firework Party成功！
2022-12-31 00:35:10-:INFO: -- 1号机切换到Deep Thought成功！
2022-12-31 00:35:29-:INFO: -- 2号机切换到Deep Thought成功！
2022-12-31 00:35:46-:INFO: -- 3号机切换到Deep Thought成功！
2022-12-31 00:36:04-:INFO: -- 4号机切换到Deep Thought成功！
2022-12-31 00:36:22-:INFO: -- 5号机切换到Deep Thought成功！
2022-12-31 00:36:40-:INFO: -- 6号机切换到Deep Thought成功！
2022-12-31 00:36:59-:INFO: -- 1号机切换到Rainbow Bubble成功！
2022-12-31 00:37:16-:INFO: -- 2号机切换到Rainbow Bubble成功！
2022-12-31 00:37:35-:INFO: -- 3号机切换到Rainbow Bubble成功！
2022-12-31 00:37:54-:INFO: -- 4号机切换到Rainbow Bubble成功！
2022-12-31 00:38:12-:INFO: -- 5号机切换到Rainbow Bubble成功！
2022-12-31 00:38:30-:INFO: -- 6号机切换到Rainbow Bubble成功！
2022-12-31 00:38:48-:INFO: -- 1号机切换到Autumn Rain Hitting Leaves成功！
2022-12-31 00:39:06-:INFO: -- 2号机切换到Autumn Rain Hitting Leaves成功！
2022-12-31 00:39:23-:INFO: -- 3号机切换到Autumn Rain Hitting Leaves成功！
2022-12-31 00:39:41-:INFO: -- 4号机切换到Autumn Rain Hitting Leaves成功！
2022-12-31 00:39:59-:INFO: -- 5号机切换到Autumn Rain Hitting Leaves成功！
2022-12-31 00:40:16-:INFO: -- 6号机切换到Autumn Rain Hitting Leaves成功！
2022-12-31 00:40:34-:INFO: -- 1号机切换到Space Walk成功！
2022-12-31 00:40:53-:INFO: -- 2号机切换到Space Walk成功！
2022-12-31 00:41:11-:INFO: -- 3号机切换到Space Walk成功！
2022-12-31 00:41:28-:INFO: -- 4号机切换到Space Walk成功！
2022-12-31 00:41:46-:INFO: -- 5号机切换到Space Walk成功！
2022-12-31 00:42:04-:INFO: -- 6号机切换到Space Walk成功！
2022-12-31 00:42:21-:INFO: -- 1号机切换到Crossing the Field成功！
2022-12-31 00:42:40-:INFO: -- 2号机切换到Crossing the Field成功！
2022-12-31 00:42:58-:INFO: -- 3号机切换到Crossing the Field成功！
2022-12-31 00:43:16-:INFO: -- 4号机切换到Crossing the Field成功！
2022-12-31 00:43:34-:INFO: -- 5号机切换到Crossing the Field成功！
2022-12-31 00:43:51-:INFO: -- 6号机切换到Crossing the Field成功！
2022-12-31 00:44:19-:INFO: -- 1号机切换到Morning成功！
2022-12-31 00:44:41-:INFO: -- 2号机切换到Morning成功！
2022-12-31 00:45:00-:INFO: -- 3号机切换到Morning成功！
2022-12-31 00:45:17-:INFO: -- 4号机切换到Morning成功！
2022-12-31 00:45:35-:INFO: -- 5号机切换到Morning成功！
2022-12-31 00:45:53-:INFO: -- 6号机切换到Morning成功！
2022-12-31 00:46:11-:INFO: -- 1号机切换到Heat Around a Fireplace成功！
2022-12-31 00:46:28-:INFO: -- 2号机切换到Heat Around a Fireplace成功！
2022-12-31 00:46:46-:INFO: -- 3号机切换到Heat Around a Fireplace成功！
2022-12-31 00:47:04-:INFO: -- 4号机切换到Heat Around a Fireplace成功！
2022-12-31 00:47:22-:INFO: -- 5号机切换到Heat Around a Fireplace成功！
2022-12-31 00:47:40-:INFO: -- 6号机切换到Heat Around a Fireplace成功！
2022-12-31 00:47:58-:INFO: -- 1号机切换到Creek成功！
2022-12-31 00:48:17-:INFO: -- 2号机切换到Creek成功！
2022-12-31 00:48:37-:INFO: -- 3号机切换到Creek成功！
2022-12-31 00:48:55-:INFO: -- 4号机切换到Creek成功！
2022-12-31 00:49:13-:INFO: -- 5号机切换到Creek成功！
2022-12-31 00:49:31-:INFO: -- 6号机切换到Creek成功！
2022-12-31 00:49:48-:INFO: -- 1号机切换到Good Night Kiss成功！
2022-12-31 00:50:06-:INFO: -- 2号机切换到Good Night Kiss成功！
2022-12-31 00:50:24-:INFO: -- 3号机切换到Good Night Kiss成功！
2022-12-31 00:50:42-:INFO: -- 4号机切换到Good Night Kiss成功！
2022-12-31 00:50:59-:INFO: -- 5号机切换到Good Night Kiss成功！
2022-12-31 00:51:17-:INFO: -- 6号机切换到Good Night Kiss成功！
2022-12-31 00:51:35-:INFO: -- 1号机切换到Night Light成功！
2022-12-31 00:51:52-:INFO: -- 2号机切换到Night Light成功！
2022-12-31 00:52:12-:INFO: -- 3号机切换到Night Light成功！
2022-12-31 00:52:30-:INFO: -- 4号机切换到Night Light成功！
2022-12-31 00:52:48-:INFO: -- 5号机切换到Night Light成功！
2022-12-31 00:53:06-:INFO: -- 6号机切换到Night Light成功！
2022-12-31 00:53:23-:INFO: -- 1号机切换到Meditation成功！
2022-12-31 00:53:41-:INFO: -- 2号机切换到Meditation成功！
2022-12-31 00:53:58-:INFO: -- 3号机切换到Meditation成功！
2022-12-31 00:54:16-:INFO: -- 4号机切换到Meditation成功！
2022-12-31 00:54:34-:INFO: -- 5号机切换到Meditation成功！
2022-12-31 00:54:52-:INFO: -- 6号机切换到Meditation成功！
2022-12-31 00:55:09-:INFO: -- 1号机切换到Firework Party成功！
2022-12-31 00:55:28-:INFO: -- 2号机切换到Firework Party成功！
2022-12-31 00:55:46-:INFO: -- 3号机切换到Firework Party成功！
2022-12-31 00:56:04-:INFO: -- 4号机切换到Firework Party成功！
2022-12-31 00:56:24-:INFO: -- 5号机切换到Firework Party成功！
2022-12-31 00:56:41-:INFO: -- 6号机切换到Firework Party成功！
2022-12-31 00:56:59-:INFO: -- 1号机切换到Deep Thought成功！
2022-12-31 00:57:17-:INFO: -- 2号机切换到Deep Thought成功！
2022-12-31 00:57:35-:INFO: -- 3号机切换到Deep Thought成功！
2022-12-31 00:57:53-:INFO: -- 4号机切换到Deep Thought成功！
2022-12-31 00:58:10-:INFO: -- 5号机切换到Deep Thought成功！
2022-12-31 00:58:28-:INFO: -- 6号机切换到Deep Thought成功！
2022-12-31 00:58:46-:INFO: -- 1号机切换到Rainbow Bubble成功！
2022-12-31 00:59:03-:INFO: -- 2号机切换到Rainbow Bubble成功！
2022-12-31 00:59:21-:INFO: -- 3号机切换到Rainbow Bubble成功！
2022-12-31 00:59:38-:INFO: -- 4号机切换到Rainbow Bubble成功！
2022-12-31 00:59:56-:INFO: -- 5号机切换到Rainbow Bubble成功！
2022-12-31 01:00:14-:INFO: -- 6号机切换到Rainbow Bubble成功！
2022-12-31 01:00:32-:INFO: -- 1号机切换到Autumn Rain Hitting Leaves成功！
2022-12-31 01:00:50-:INFO: -- 2号机切换到Autumn Rain Hitting Leaves成功！
2022-12-31 01:01:08-:INFO: -- 3号机切换到Autumn Rain Hitting Leaves成功！
2022-12-31 01:01:26-:INFO: -- 4号机切换到Autumn Rain Hitting Leaves成功！
2022-12-31 01:01:43-:INFO: -- 5号机切换到Autumn Rain Hitting Leaves成功！
2022-12-31 01:02:01-:INFO: -- 6号机切换到Autumn Rain Hitting Leaves成功！
2022-12-31 01:02:19-:INFO: -- 1号机切换到Space Walk成功！
2022-12-31 01:02:37-:INFO: -- 2号机切换到Space Walk成功！
2022-12-31 01:02:54-:INFO: -- 3号机切换到Space Walk成功！
2022-12-31 01:03:11-:INFO: -- 4号机切换到Space Walk成功！
2022-12-31 01:03:29-:INFO: -- 5号机切换到Space Walk成功！
2022-12-31 01:03:47-:INFO: -- 6号机切换到Space Walk成功！
2022-12-31 01:04:05-:INFO: -- 1号机切换到Crossing the Field成功！
2022-12-31 01:04:23-:INFO: -- 2号机切换到Crossing the Field成功！
2022-12-31 01:04:40-:INFO: -- 3号机切换到Crossing the Field成功！
2022-12-31 01:04:58-:INFO: -- 4号机切换到Crossing the Field成功！
2022-12-31 01:05:15-:INFO: -- 5号机切换到Crossing the Field成功！
2022-12-31 01:05:33-:INFO: -- 6号机切换到Crossing the Field成功！
2022-12-31 01:06:01-:INFO: -- 1号机切换到Morning成功！
2022-12-31 01:06:20-:INFO: -- 2号机切换到Morning成功！
2022-12-31 01:06:37-:INFO: -- 3号机切换到Morning成功！
2022-12-31 01:06:54-:INFO: -- 4号机切换到Morning成功！
2022-12-31 01:07:12-:INFO: -- 5号机切换到Morning成功！
2022-12-31 01:07:30-:INFO: -- 6号机切换到Morning成功！
2022-12-31 01:07:47-:INFO: -- 1号机切换到Heat Around a Fireplace成功！
2022-12-31 01:08:05-:INFO: -- 2号机切换到Heat Around a Fireplace成功！
2022-12-31 01:08:23-:INFO: -- 3号机切换到Heat Around a Fireplace成功！
2022-12-31 01:08:40-:INFO: -- 4号机切换到Heat Around a Fireplace成功！
2022-12-31 01:08:58-:INFO: -- 5号机切换到Heat Around a Fireplace成功！
2022-12-31 01:09:16-:INFO: -- 6号机切换到Heat Around a Fireplace成功！
2022-12-31 01:09:34-:INFO: -- 1号机切换到Creek成功！
2022-12-31 01:09:52-:INFO: -- 2号机切换到Creek成功！
2022-12-31 01:10:10-:INFO: -- 3号机切换到Creek成功！
2022-12-31 01:10:28-:INFO: -- 4号机切换到Creek成功！
2022-12-31 01:10:46-:INFO: -- 5号机切换到Creek成功！
2022-12-31 01:11:03-:INFO: -- 6号机切换到Creek成功！
2022-12-31 01:11:21-:INFO: -- 1号机切换到Good Night Kiss成功！
2022-12-31 01:11:38-:INFO: -- 2号机切换到Good Night Kiss成功！
2022-12-31 01:11:56-:INFO: -- 3号机切换到Good Night Kiss成功！
2022-12-31 01:12:14-:INFO: -- 4号机切换到Good Night Kiss成功！
2022-12-31 01:12:31-:INFO: -- 5号机切换到Good Night Kiss成功！
2022-12-31 01:12:49-:INFO: -- 6号机切换到Good Night Kiss成功！
2022-12-31 01:13:07-:INFO: -- 1号机切换到Night Light成功！
2022-12-31 01:13:24-:INFO: -- 2号机切换到Night Light成功！
2022-12-31 01:13:42-:INFO: -- 3号机切换到Night Light成功！
2022-12-31 01:14:00-:INFO: -- 4号机切换到Night Light成功！
2022-12-31 01:14:17-:INFO: -- 5号机切换到Night Light成功！
2022-12-31 01:14:35-:INFO: -- 6号机切换到Night Light成功！
2022-12-31 01:14:53-:INFO: -- 1号机切换到Meditation成功！
2022-12-31 01:15:10-:INFO: -- 2号机切换到Meditation成功！
2022-12-31 01:15:28-:INFO: -- 3号机切换到Meditation成功！
2022-12-31 01:15:46-:INFO: -- 4号机切换到Meditation成功！
2022-12-31 01:16:04-:INFO: -- 5号机切换到Meditation成功！
2022-12-31 01:16:22-:INFO: -- 6号机切换到Meditation成功！
2022-12-31 01:16:39-:INFO: -- 1号机切换到Firework Party成功！
2022-12-31 01:16:57-:INFO: -- 2号机切换到Firework Party成功！
2022-12-31 01:17:15-:INFO: -- 3号机切换到Firework Party成功！
2022-12-31 01:17:32-:INFO: -- 4号机切换到Firework Party成功！
2022-12-31 01:17:50-:INFO: -- 5号机切换到Firework Party成功！
2022-12-31 01:18:07-:INFO: -- 6号机切换到Firework Party成功！
2022-12-31 01:18:25-:INFO: -- 1号机切换到Deep Thought成功！
2022-12-31 01:18:43-:INFO: -- 2号机切换到Deep Thought成功！
2022-12-31 01:19:00-:INFO: -- 3号机切换到Deep Thought成功！
2022-12-31 01:19:18-:INFO: -- 4号机切换到Deep Thought成功！
2022-12-31 01:19:36-:INFO: -- 5号机切换到Deep Thought成功！
2022-12-31 01:19:53-:INFO: -- 6号机切换到Deep Thought成功！
2022-12-31 01:20:11-:INFO: -- 1号机切换到Rainbow Bubble成功！
2022-12-31 01:20:29-:INFO: -- 2号机切换到Rainbow Bubble成功！
2022-12-31 01:20:47-:INFO: -- 3号机切换到Rainbow Bubble成功！
2022-12-31 01:21:05-:INFO: -- 4号机切换到Rainbow Bubble成功！
2022-12-31 01:21:22-:INFO: -- 5号机切换到Rainbow Bubble成功！
2022-12-31 01:21:40-:INFO: -- 6号机切换到Rainbow Bubble成功！
2022-12-31 01:21:58-:INFO: -- 1号机切换到Autumn Rain Hitting Leaves成功！
2022-12-31 01:22:16-:INFO: -- 2号机切换到Autumn Rain Hitting Leaves成功！
2022-12-31 01:22:34-:INFO: -- 3号机切换到Autumn Rain Hitting Leaves成功！
2022-12-31 01:22:51-:INFO: -- 4号机切换到Autumn Rain Hitting Leaves成功！
2022-12-31 01:23:09-:INFO: -- 5号机切换到Autumn Rain Hitting Leaves成功！
2022-12-31 01:23:27-:INFO: -- 6号机切换到Autumn Rain Hitting Leaves成功！
2022-12-31 01:23:45-:INFO: -- 1号机切换到Space Walk成功！
2022-12-31 01:24:03-:INFO: -- 2号机切换到Space Walk成功！
2022-12-31 01:24:22-:INFO: -- 3号机切换到Space Walk成功！
2022-12-31 01:24:39-:INFO: -- 4号机切换到Space Walk成功！
2022-12-31 01:24:57-:INFO: -- 5号机切换到Space Walk成功！
2022-12-31 01:25:15-:INFO: -- 6号机切换到Space Walk成功！
2022-12-31 01:25:33-:INFO: -- 1号机切换到Crossing the Field成功！
2022-12-31 01:25:51-:INFO: -- 2号机切换到Crossing the Field成功！
2022-12-31 01:26:09-:INFO: -- 3号机切换到Crossing the Field成功！
2022-12-31 01:26:26-:INFO: -- 4号机切换到Crossing the Field成功！
2022-12-31 01:26:44-:INFO: -- 5号机切换到Crossing the Field成功！
2022-12-31 01:27:02-:INFO: -- 6号机切换到Crossing the Field成功！
2022-12-31 01:27:30-:INFO: -- 1号机切换到Morning成功！
2022-12-31 01:27:47-:INFO: -- 2号机切换到Morning成功！
2022-12-31 01:28:05-:INFO: -- 3号机切换到Morning成功！
2022-12-31 01:28:23-:INFO: -- 4号机切换到Morning成功！
2022-12-31 01:28:41-:INFO: -- 5号机切换到Morning成功！
2022-12-31 01:28:58-:INFO: -- 6号机切换到Morning成功！
2022-12-31 01:29:16-:INFO: -- 1号机切换到Heat Around a Fireplace成功！
2022-12-31 01:29:34-:INFO: -- 2号机切换到Heat Around a Fireplace成功！
2022-12-31 01:29:51-:INFO: -- 3号机切换到Heat Around a Fireplace成功！
2022-12-31 01:30:09-:INFO: -- 4号机切换到Heat Around a Fireplace成功！
2022-12-31 01:30:26-:INFO: -- 5号机切换到Heat Around a Fireplace成功！
2022-12-31 01:30:44-:INFO: -- 6号机切换到Heat Around a Fireplace成功！
2022-12-31 01:31:02-:INFO: -- 1号机切换到Creek成功！
2022-12-31 01:31:20-:INFO: -- 2号机切换到Creek成功！
2022-12-31 01:31:37-:INFO: -- 3号机切换到Creek成功！
2022-12-31 01:31:55-:INFO: -- 4号机切换到Creek成功！
2022-12-31 01:32:13-:INFO: -- 5号机切换到Creek成功！
2022-12-31 01:32:31-:INFO: -- 6号机切换到Creek成功！
2022-12-31 01:32:48-:INFO: -- 1号机切换到Good Night Kiss成功！
2022-12-31 01:33:06-:INFO: -- 2号机切换到Good Night Kiss成功！
2022-12-31 01:33:24-:INFO: -- 3号机切换到Good Night Kiss成功！
2022-12-31 01:33:42-:INFO: -- 4号机切换到Good Night Kiss成功！
2022-12-31 01:33:59-:INFO: -- 5号机切换到Good Night Kiss成功！
2022-12-31 01:34:17-:INFO: -- 6号机切换到Good Night Kiss成功！
2022-12-31 01:34:35-:INFO: -- 1号机切换到Night Light成功！
2022-12-31 01:34:52-:INFO: -- 2号机切换到Night Light成功！
2022-12-31 01:35:10-:INFO: -- 3号机切换到Night Light成功！
2022-12-31 01:35:28-:INFO: -- 4号机切换到Night Light成功！
2022-12-31 01:35:46-:INFO: -- 5号机切换到Night Light成功！
2022-12-31 01:36:03-:INFO: -- 6号机切换到Night Light成功！
2022-12-31 01:36:20-:INFO: -- 1号机切换到Meditation成功！
2022-12-31 01:36:38-:INFO: -- 2号机切换到Meditation成功！
2022-12-31 01:36:56-:INFO: -- 3号机切换到Meditation成功！
2022-12-31 01:37:13-:INFO: -- 4号机切换到Meditation成功！
2022-12-31 01:37:31-:INFO: -- 5号机切换到Meditation成功！
2022-12-31 01:37:49-:INFO: -- 6号机切换到Meditation成功！
2022-12-31 01:38:07-:INFO: -- 1号机切换到Firework Party成功！
2022-12-31 01:38:25-:INFO: -- 2号机切换到Firework Party成功！
2022-12-31 01:38:42-:INFO: -- 3号机切换到Firework Party成功！
2022-12-31 01:39:00-:INFO: -- 4号机切换到Firework Party成功！
2022-12-31 01:39:18-:INFO: -- 5号机切换到Firework Party成功！
2022-12-31 01:39:35-:INFO: -- 6号机切换到Firework Party成功！
2022-12-31 01:39:53-:INFO: -- 1号机切换到Deep Thought成功！
2022-12-31 01:40:11-:INFO: -- 2号机切换到Deep Thought成功！
2022-12-31 01:40:29-:INFO: -- 3号机切换到Deep Thought成功！
2022-12-31 01:40:46-:INFO: -- 4号机切换到Deep Thought成功！
2022-12-31 01:41:04-:INFO: -- 5号机切换到Deep Thought成功！
2022-12-31 01:41:22-:INFO: -- 6号机切换到Deep Thought成功！
2022-12-31 01:41:39-:INFO: -- 1号机切换到Rainbow Bubble成功！
2022-12-31 01:41:57-:INFO: -- 2号机切换到Rainbow Bubble成功！
2022-12-31 01:42:14-:INFO: -- 3号机切换到Rainbow Bubble成功！
2022-12-31 01:42:32-:INFO: -- 4号机切换到Rainbow Bubble成功！
2022-12-31 01:42:50-:INFO: -- 5号机切换到Rainbow Bubble成功！
2022-12-31 01:43:08-:INFO: -- 6号机切换到Rainbow Bubble成功！
2022-12-31 01:43:26-:INFO: -- 1号机切换到Autumn Rain Hitting Leaves成功！
2022-12-31 01:43:43-:INFO: -- 2号机切换到Autumn Rain Hitting Leaves成功！
2022-12-31 01:44:01-:INFO: -- 3号机切换到Autumn Rain Hitting Leaves成功！
2022-12-31 01:44:19-:INFO: -- 4号机切换到Autumn Rain Hitting Leaves成功！
2022-12-31 01:44:36-:INFO: -- 5号机切换到Autumn Rain Hitting Leaves成功！
2022-12-31 01:44:54-:INFO: -- 6号机切换到Autumn Rain Hitting Leaves成功！
2022-12-31 01:45:12-:INFO: -- 1号机切换到Space Walk成功！
2022-12-31 01:45:29-:INFO: -- 2号机切换到Space Walk成功！
2022-12-31 01:45:47-:INFO: -- 3号机切换到Space Walk成功！
2022-12-31 01:46:04-:INFO: -- 4号机切换到Space Walk成功！
2022-12-31 01:46:22-:INFO: -- 5号机切换到Space Walk成功！
2022-12-31 01:46:40-:INFO: -- 6号机切换到Space Walk成功！
2022-12-31 01:46:58-:INFO: -- 1号机切换到Crossing the Field成功！
2022-12-31 01:47:15-:INFO: -- 2号机切换到Crossing the Field成功！
2022-12-31 01:47:33-:INFO: -- 3号机切换到Crossing the Field成功！
2022-12-31 01:47:51-:INFO: -- 4号机切换到Crossing the Field成功！
2022-12-31 01:48:09-:INFO: -- 5号机切换到Crossing the Field成功！
2022-12-31 01:48:27-:INFO: -- 6号机切换到Crossing the Field成功！
2022-12-31 01:48:56-:INFO: -- 1号机切换到Morning成功！
2022-12-31 01:49:14-:INFO: -- 2号机切换到Morning成功！
2022-12-31 01:49:31-:INFO: -- 3号机切换到Morning成功！
2022-12-31 01:49:49-:INFO: -- 4号机切换到Morning成功！
2022-12-31 01:50:07-:INFO: -- 5号机切换到Morning成功！
2022-12-31 01:50:24-:INFO: -- 6号机切换到Morning成功！
2022-12-31 01:50:42-:INFO: -- 1号机切换到Heat Around a Fireplace成功！
2022-12-31 01:51:00-:INFO: -- 2号机切换到Heat Around a Fireplace成功！
2022-12-31 01:51:18-:INFO: -- 3号机切换到Heat Around a Fireplace成功！
2022-12-31 01:51:35-:INFO: -- 4号机切换到Heat Around a Fireplace成功！
2022-12-31 01:51:53-:INFO: -- 5号机切换到Heat Around a Fireplace成功！
2022-12-31 01:52:11-:INFO: -- 6号机切换到Heat Around a Fireplace成功！
2022-12-31 01:52:29-:INFO: -- 1号机切换到Creek成功！
2022-12-31 01:52:47-:INFO: -- 2号机切换到Creek成功！
2022-12-31 01:53:04-:INFO: -- 3号机切换到Creek成功！
2022-12-31 01:53:22-:INFO: -- 4号机切换到Creek成功！
2022-12-31 01:53:39-:INFO: -- 5号机切换到Creek成功！
2022-12-31 01:53:57-:INFO: -- 6号机切换到Creek成功！
2022-12-31 01:54:15-:INFO: -- 1号机切换到Good Night Kiss成功！
2022-12-31 01:54:32-:INFO: -- 2号机切换到Good Night Kiss成功！
2022-12-31 01:54:50-:INFO: -- 3号机切换到Good Night Kiss成功！
2022-12-31 01:55:07-:INFO: -- 4号机切换到Good Night Kiss成功！
2022-12-31 01:55:25-:INFO: -- 5号机切换到Good Night Kiss成功！
2022-12-31 01:55:42-:INFO: -- 6号机切换到Good Night Kiss成功！
2022-12-31 01:56:00-:INFO: -- 1号机切换到Night Light成功！
2022-12-31 01:56:17-:INFO: -- 2号机切换到Night Light成功！
2022-12-31 01:56:35-:INFO: -- 3号机切换到Night Light成功！
2022-12-31 01:56:53-:INFO: -- 4号机切换到Night Light成功！
2022-12-31 01:57:11-:INFO: -- 5号机切换到Night Light成功！
2022-12-31 01:57:29-:INFO: -- 6号机切换到Night Light成功！
2022-12-31 01:57:46-:INFO: -- 1号机切换到Meditation成功！
2022-12-31 01:58:04-:INFO: -- 2号机切换到Meditation成功！
2022-12-31 01:58:21-:INFO: -- 3号机切换到Meditation成功！
2022-12-31 01:58:39-:INFO: -- 4号机切换到Meditation成功！
2022-12-31 01:58:57-:INFO: -- 5号机切换到Meditation成功！
2022-12-31 01:59:15-:INFO: -- 6号机切换到Meditation成功！
2022-12-31 01:59:32-:INFO: -- 1号机切换到Firework Party成功！
2022-12-31 01:59:50-:INFO: -- 2号机切换到Firework Party成功！
2022-12-31 02:00:08-:INFO: -- 3号机切换到Firework Party成功！
2022-12-31 02:00:26-:INFO: -- 4号机切换到Firework Party成功！
2022-12-31 02:00:43-:INFO: -- 5号机切换到Firework Party成功！
2022-12-31 02:01:01-:INFO: -- 6号机切换到Firework Party成功！
2022-12-31 02:01:19-:INFO: -- 1号机切换到Deep Thought成功！
2022-12-31 02:01:37-:INFO: -- 2号机切换到Deep Thought成功！
2022-12-31 02:01:55-:INFO: -- 3号机切换到Deep Thought成功！
2022-12-31 02:02:12-:INFO: -- 4号机切换到Deep Thought成功！
2022-12-31 02:02:30-:INFO: -- 5号机切换到Deep Thought成功！
2022-12-31 02:02:48-:INFO: -- 6号机切换到Deep Thought成功！
2022-12-31 02:03:06-:INFO: -- 1号机切换到Rainbow Bubble成功！
2022-12-31 02:03:24-:INFO: -- 2号机切换到Rainbow Bubble成功！
2022-12-31 02:03:41-:INFO: -- 3号机切换到Rainbow Bubble成功！
2022-12-31 02:04:00-:INFO: -- 4号机切换到Rainbow Bubble成功！
2022-12-31 02:04:17-:INFO: -- 5号机切换到Rainbow Bubble成功！
2022-12-31 02:04:35-:INFO: -- 6号机切换到Rainbow Bubble成功！
2022-12-31 02:04:53-:INFO: -- 1号机切换到Autumn Rain Hitting Leaves成功！
2022-12-31 02:05:10-:INFO: -- 2号机切换到Autumn Rain Hitting Leaves成功！
2022-12-31 02:05:28-:INFO: -- 3号机切换到Autumn Rain Hitting Leaves成功！
2022-12-31 02:05:46-:INFO: -- 4号机切换到Autumn Rain Hitting Leaves成功！
2022-12-31 02:06:03-:INFO: -- 5号机切换到Autumn Rain Hitting Leaves成功！
2022-12-31 02:06:21-:INFO: -- 6号机切换到Autumn Rain Hitting Leaves成功！
2022-12-31 02:06:38-:INFO: -- 1号机切换到Space Walk成功！
2022-12-31 02:06:56-:INFO: -- 2号机切换到Space Walk成功！
2022-12-31 02:07:14-:INFO: -- 3号机切换到Space Walk成功！
2022-12-31 02:07:32-:INFO: -- 4号机切换到Space Walk成功！
2022-12-31 02:07:49-:INFO: -- 5号机切换到Space Walk成功！
2022-12-31 02:08:07-:INFO: -- 6号机切换到Space Walk成功！
2022-12-31 02:08:25-:INFO: -- 1号机切换到Crossing the Field成功！
2022-12-31 02:08:43-:INFO: -- 2号机切换到Crossing the Field成功！
2022-12-31 02:09:00-:INFO: -- 3号机切换到Crossing the Field成功！
2022-12-31 02:09:18-:INFO: -- 4号机切换到Crossing the Field成功！
2022-12-31 02:09:36-:INFO: -- 5号机切换到Crossing the Field成功！
2022-12-31 02:09:54-:INFO: -- 6号机切换到Crossing the Field成功！
2022-12-31 02:10:22-:INFO: -- 1号机切换到Morning成功！
2022-12-31 02:10:39-:INFO: -- 2号机切换到Morning成功！
2022-12-31 02:10:57-:INFO: -- 3号机切换到Morning成功！
2022-12-31 02:11:14-:INFO: -- 4号机切换到Morning成功！
2022-12-31 02:11:32-:INFO: -- 5号机切换到Morning成功！
2022-12-31 02:11:50-:INFO: -- 6号机切换到Morning成功！
2022-12-31 02:12:07-:INFO: -- 1号机切换到Heat Around a Fireplace成功！
2022-12-31 02:12:25-:INFO: -- 2号机切换到Heat Around a Fireplace成功！
2022-12-31 02:12:43-:INFO: -- 3号机切换到Heat Around a Fireplace成功！
2022-12-31 02:13:01-:INFO: -- 4号机切换到Heat Around a Fireplace成功！
2022-12-31 02:13:18-:INFO: -- 5号机切换到Heat Around a Fireplace成功！
2022-12-31 02:13:36-:INFO: -- 6号机切换到Heat Around a Fireplace成功！
2022-12-31 02:13:54-:INFO: -- 1号机切换到Creek成功！
2022-12-31 02:14:12-:INFO: -- 2号机切换到Creek成功！
2022-12-31 02:14:30-:INFO: -- 3号机切换到Creek成功！
2022-12-31 02:14:47-:INFO: -- 4号机切换到Creek成功！
2022-12-31 02:15:05-:INFO: -- 5号机切换到Creek成功！
2022-12-31 02:15:23-:INFO: -- 6号机切换到Creek成功！
2022-12-31 02:15:41-:INFO: -- 1号机切换到Good Night Kiss成功！
2022-12-31 02:15:58-:INFO: -- 2号机切换到Good Night Kiss成功！
2022-12-31 02:16:16-:INFO: -- 3号机切换到Good Night Kiss成功！
2022-12-31 02:16:33-:INFO: -- 4号机切换到Good Night Kiss成功！
2022-12-31 02:16:50-:INFO: -- 5号机切换到Good Night Kiss成功！
2022-12-31 02:17:08-:INFO: -- 6号机切换到Good Night Kiss成功！
2022-12-31 02:17:26-:INFO: -- 1号机切换到Night Light成功！
2022-12-31 02:17:44-:INFO: -- 2号机切换到Night Light成功！
2022-12-31 02:18:01-:INFO: -- 3号机切换到Night Light成功！
2022-12-31 02:18:19-:INFO: -- 4号机切换到Night Light成功！
2022-12-31 02:18:37-:INFO: -- 5号机切换到Night Light成功！
2022-12-31 02:18:55-:INFO: -- 6号机切换到Night Light成功！
2022-12-31 02:19:12-:INFO: -- 1号机切换到Meditation成功！
2022-12-31 02:19:30-:INFO: -- 2号机切换到Meditation成功！
2022-12-31 02:19:48-:INFO: -- 3号机切换到Meditation成功！
2022-12-31 02:20:06-:INFO: -- 4号机切换到Meditation成功！
2022-12-31 02:20:24-:INFO: -- 5号机切换到Meditation成功！
2022-12-31 02:20:42-:INFO: -- 6号机切换到Meditation成功！
2022-12-31 02:20:59-:INFO: -- 1号机切换到Firework Party成功！
2022-12-31 02:21:17-:INFO: -- 2号机切换到Firework Party成功！
2022-12-31 02:21:35-:INFO: -- 3号机切换到Firework Party成功！
2022-12-31 02:21:53-:INFO: -- 4号机切换到Firework Party成功！
2022-12-31 02:22:10-:INFO: -- 5号机切换到Firework Party成功！
2022-12-31 02:22:28-:INFO: -- 6号机切换到Firework Party成功！
2022-12-31 02:22:46-:INFO: -- 1号机切换到Deep Thought成功！
2022-12-31 02:23:04-:INFO: -- 2号机切换到Deep Thought成功！
2022-12-31 02:23:22-:INFO: -- 3号机切换到Deep Thought成功！
2022-12-31 02:23:40-:INFO: -- 4号机切换到Deep Thought成功！
2022-12-31 02:23:57-:INFO: -- 5号机切换到Deep Thought成功！
2022-12-31 02:24:15-:INFO: -- 6号机切换到Deep Thought成功！
2022-12-31 02:24:33-:INFO: -- 1号机切换到Rainbow Bubble成功！
2022-12-31 02:24:51-:INFO: -- 2号机切换到Rainbow Bubble成功！
2022-12-31 02:25:08-:INFO: -- 3号机切换到Rainbow Bubble成功！
2022-12-31 02:25:26-:INFO: -- 4号机切换到Rainbow Bubble成功！
2022-12-31 02:25:44-:INFO: -- 5号机切换到Rainbow Bubble成功！
2022-12-31 02:26:02-:INFO: -- 6号机切换到Rainbow Bubble成功！
2022-12-31 02:26:19-:INFO: -- 1号机切换到Autumn Rain Hitting Leaves成功！
2022-12-31 02:26:37-:INFO: -- 2号机切换到Autumn Rain Hitting Leaves成功！
2022-12-31 02:26:55-:INFO: -- 3号机切换到Autumn Rain Hitting Leaves成功！
2022-12-31 02:27:12-:INFO: -- 4号机切换到Autumn Rain Hitting Leaves成功！
2022-12-31 02:27:30-:INFO: -- 5号机切换到Autumn Rain Hitting Leaves成功！
2022-12-31 02:27:48-:INFO: -- 6号机切换到Autumn Rain Hitting Leaves成功！
2022-12-31 02:28:05-:INFO: -- 1号机切换到Space Walk成功！
2022-12-31 02:28:23-:INFO: -- 2号机切换到Space Walk成功！
2022-12-31 02:28:41-:INFO: -- 3号机切换到Space Walk成功！
2022-12-31 02:28:59-:INFO: -- 4号机切换到Space Walk成功！
2022-12-31 02:29:16-:INFO: -- 5号机切换到Space Walk成功！
2022-12-31 02:29:34-:INFO: -- 6号机切换到Space Walk成功！
2022-12-31 02:29:52-:INFO: -- 1号机切换到Crossing the Field成功！
2022-12-31 02:30:10-:INFO: -- 2号机切换到Crossing the Field成功！
2022-12-31 02:30:28-:INFO: -- 3号机切换到Crossing the Field成功！
2022-12-31 02:30:45-:INFO: -- 4号机切换到Crossing the Field成功！
2022-12-31 02:31:03-:INFO: -- 5号机切换到Crossing the Field成功！
2022-12-31 02:31:21-:INFO: -- 6号机切换到Crossing the Field成功！
2022-12-31 02:31:48-:INFO: -- 1号机切换到Morning成功！
2022-12-31 02:32:06-:INFO: -- 2号机切换到Morning成功！
2022-12-31 02:32:24-:INFO: -- 3号机切换到Morning成功！
2022-12-31 02:32:41-:INFO: -- 4号机切换到Morning成功！
2022-12-31 02:32:59-:INFO: -- 5号机切换到Morning成功！
2022-12-31 02:33:17-:INFO: -- 6号机切换到Morning成功！
2022-12-31 02:33:34-:INFO: -- 1号机切换到Heat Around a Fireplace成功！
2022-12-31 02:33:52-:INFO: -- 2号机切换到Heat Around a Fireplace成功！
2022-12-31 02:34:10-:INFO: -- 3号机切换到Heat Around a Fireplace成功！
2022-12-31 02:34:27-:INFO: -- 4号机切换到Heat Around a Fireplace成功！
2022-12-31 02:34:45-:INFO: -- 5号机切换到Heat Around a Fireplace成功！
2022-12-31 02:35:03-:INFO: -- 6号机切换到Heat Around a Fireplace成功！
2022-12-31 02:35:20-:INFO: -- 1号机切换到Creek成功！
2022-12-31 02:35:38-:INFO: -- 2号机切换到Creek成功！
2022-12-31 02:35:56-:INFO: -- 3号机切换到Creek成功！
2022-12-31 02:36:13-:INFO: -- 4号机切换到Creek成功！
2022-12-31 02:36:31-:INFO: -- 5号机切换到Creek成功！
2022-12-31 02:36:48-:INFO: -- 6号机切换到Creek成功！
2022-12-31 02:37:06-:INFO: -- 1号机切换到Good Night Kiss成功！
2022-12-31 02:37:24-:INFO: -- 2号机切换到Good Night Kiss成功！
2022-12-31 02:37:41-:INFO: -- 3号机切换到Good Night Kiss成功！
2022-12-31 02:37:59-:INFO: -- 4号机切换到Good Night Kiss成功！
2022-12-31 02:38:17-:INFO: -- 5号机切换到Good Night Kiss成功！
2022-12-31 02:38:34-:INFO: -- 6号机切换到Good Night Kiss成功！
2022-12-31 02:38:52-:INFO: -- 1号机切换到Night Light成功！
2022-12-31 02:39:10-:INFO: -- 2号机切换到Night Light成功！
2022-12-31 02:39:27-:INFO: -- 3号机切换到Night Light成功！
2022-12-31 02:39:45-:INFO: -- 4号机切换到Night Light成功！
2022-12-31 02:40:03-:INFO: -- 5号机切换到Night Light成功！
2022-12-31 02:40:20-:INFO: -- 6号机切换到Night Light成功！
2022-12-31 02:40:38-:INFO: -- 1号机切换到Meditation成功！
2022-12-31 02:40:56-:INFO: -- 2号机切换到Meditation成功！
2022-12-31 02:41:14-:INFO: -- 3号机切换到Meditation成功！
2022-12-31 02:41:31-:INFO: -- 4号机切换到Meditation成功！
2022-12-31 02:41:49-:INFO: -- 5号机切换到Meditation成功！
2022-12-31 02:42:06-:INFO: -- 6号机切换到Meditation成功！
2022-12-31 02:42:23-:INFO: -- 1号机切换到Firework Party成功！
2022-12-31 02:42:41-:INFO: -- 2号机切换到Firework Party成功！
2022-12-31 02:42:59-:INFO: -- 3号机切换到Firework Party成功！
2022-12-31 02:43:17-:INFO: -- 4号机切换到Firework Party成功！
2022-12-31 02:43:34-:INFO: -- 5号机切换到Firework Party成功！
2022-12-31 02:43:52-:INFO: -- 6号机切换到Firework Party成功！
2022-12-31 02:44:10-:INFO: -- 1号机切换到Deep Thought成功！
2022-12-31 02:44:27-:INFO: -- 2号机切换到Deep Thought成功！
2022-12-31 02:44:45-:INFO: -- 3号机切换到Deep Thought成功！
2022-12-31 02:45:03-:INFO: -- 4号机切换到Deep Thought成功！
2022-12-31 02:45:21-:INFO: -- 5号机切换到Deep Thought成功！
2022-12-31 02:45:38-:INFO: -- 6号机切换到Deep Thought成功！
2022-12-31 02:45:56-:INFO: -- 1号机切换到Rainbow Bubble成功！
2022-12-31 02:46:14-:INFO: -- 2号机切换到Rainbow Bubble成功！
2022-12-31 02:46:32-:INFO: -- 3号机切换到Rainbow Bubble成功！
2022-12-31 02:46:50-:INFO: -- 4号机切换到Rainbow Bubble成功！
2022-12-31 02:47:08-:INFO: -- 5号机切换到Rainbow Bubble成功！
2022-12-31 02:47:25-:INFO: -- 6号机切换到Rainbow Bubble成功！
2022-12-31 02:47:43-:INFO: -- 1号机切换到Autumn Rain Hitting Leaves成功！
2022-12-31 02:48:00-:INFO: -- 2号机切换到Autumn Rain Hitting Leaves成功！
2022-12-31 02:48:18-:INFO: -- 3号机切换到Autumn Rain Hitting Leaves成功！
2022-12-31 02:48:36-:INFO: -- 4号机切换到Autumn Rain Hitting Leaves成功！
2022-12-31 02:48:54-:INFO: -- 5号机切换到Autumn Rain Hitting Leaves成功！
2022-12-31 02:49:11-:INFO: -- 6号机切换到Autumn Rain Hitting Leaves成功！
2022-12-31 02:49:29-:INFO: -- 1号机切换到Space Walk成功！
2022-12-31 02:49:47-:INFO: -- 2号机切换到Space Walk成功！
2022-12-31 02:50:04-:INFO: -- 3号机切换到Space Walk成功！
2022-12-31 02:50:22-:INFO: -- 4号机切换到Space Walk成功！
2022-12-31 02:50:40-:INFO: -- 5号机切换到Space Walk成功！
2022-12-31 02:50:57-:INFO: -- 6号机切换到Space Walk成功！
2022-12-31 02:51:15-:INFO: -- 1号机切换到Crossing the Field成功！
2022-12-31 02:51:33-:INFO: -- 2号机切换到Crossing the Field成功！
2022-12-31 02:51:51-:INFO: -- 3号机切换到Crossing the Field成功！
2022-12-31 02:52:09-:INFO: -- 4号机切换到Crossing the Field成功！
2022-12-31 02:52:27-:INFO: -- 5号机切换到Crossing the Field成功！
2022-12-31 02:52:44-:INFO: -- 6号机切换到Crossing the Field成功！
2022-12-31 02:53:12-:INFO: -- 1号机切换到Morning成功！
2022-12-31 02:53:30-:INFO: -- 2号机切换到Morning成功！
2022-12-31 02:53:47-:INFO: -- 3号机切换到Morning成功！
2022-12-31 02:54:06-:INFO: -- 4号机切换到Morning成功！
2022-12-31 02:54:23-:INFO: -- 5号机切换到Morning成功！
2022-12-31 02:54:41-:INFO: -- 6号机切换到Morning成功！
2022-12-31 02:54:58-:INFO: -- 1号机切换到Heat Around a Fireplace成功！
2022-12-31 02:55:16-:INFO: -- 2号机切换到Heat Around a Fireplace成功！
2022-12-31 02:55:33-:INFO: -- 3号机切换到Heat Around a Fireplace成功！
2022-12-31 02:55:51-:INFO: -- 4号机切换到Heat Around a Fireplace成功！
2022-12-31 02:56:09-:INFO: -- 5号机切换到Heat Around a Fireplace成功！
2022-12-31 02:56:27-:INFO: -- 6号机切换到Heat Around a Fireplace成功！
2022-12-31 02:56:44-:INFO: -- 1号机切换到Creek成功！
2022-12-31 02:57:02-:INFO: -- 2号机切换到Creek成功！
2022-12-31 02:57:20-:INFO: -- 3号机切换到Creek成功！
2022-12-31 02:57:37-:INFO: -- 4号机切换到Creek成功！
2022-12-31 02:57:55-:INFO: -- 5号机切换到Creek成功！
2022-12-31 02:58:12-:INFO: -- 6号机切换到Creek成功！
2022-12-31 02:58:30-:INFO: -- 1号机切换到Good Night Kiss成功！
2022-12-31 02:58:48-:INFO: -- 2号机切换到Good Night Kiss成功！
2022-12-31 02:59:06-:INFO: -- 3号机切换到Good Night Kiss成功！
2022-12-31 02:59:24-:INFO: -- 4号机切换到Good Night Kiss成功！
2022-12-31 02:59:41-:INFO: -- 5号机切换到Good Night Kiss成功！
2022-12-31 02:59:59-:INFO: -- 6号机切换到Good Night Kiss成功！
2022-12-31 03:00:17-:INFO: -- 1号机切换到Night Light成功！
2022-12-31 03:00:35-:INFO: -- 2号机切换到Night Light成功！
2022-12-31 03:00:53-:INFO: -- 3号机切换到Night Light成功！
2022-12-31 03:01:10-:INFO: -- 4号机切换到Night Light成功！
2022-12-31 03:01:28-:INFO: -- 5号机切换到Night Light成功！
2022-12-31 03:01:46-:INFO: -- 6号机切换到Night Light成功！
2022-12-31 03:02:03-:INFO: -- 1号机切换到Meditation成功！
2022-12-31 03:02:21-:INFO: -- 2号机切换到Meditation成功！
2022-12-31 03:02:39-:INFO: -- 3号机切换到Meditation成功！
2022-12-31 03:02:57-:INFO: -- 4号机切换到Meditation成功！
2022-12-31 03:03:14-:INFO: -- 5号机切换到Meditation成功！
2022-12-31 03:03:32-:INFO: -- 6号机切换到Meditation成功！
2022-12-31 03:03:50-:INFO: -- 1号机切换到Firework Party成功！
2022-12-31 03:04:08-:INFO: -- 2号机切换到Firework Party成功！
2022-12-31 03:04:25-:INFO: -- 3号机切换到Firework Party成功！
2022-12-31 03:04:43-:INFO: -- 4号机切换到Firework Party成功！
2022-12-31 03:05:01-:INFO: -- 5号机切换到Firework Party成功！
2022-12-31 03:05:19-:INFO: -- 6号机切换到Firework Party成功！
2022-12-31 03:05:37-:INFO: -- 1号机切换到Deep Thought成功！
2022-12-31 03:05:55-:INFO: -- 2号机切换到Deep Thought成功！
2022-12-31 03:06:12-:INFO: -- 3号机切换到Deep Thought成功！
2022-12-31 03:06:30-:INFO: -- 4号机切换到Deep Thought成功！
2022-12-31 03:06:47-:INFO: -- 5号机切换到Deep Thought成功！
2022-12-31 03:07:05-:INFO: -- 6号机切换到Deep Thought成功！
2022-12-31 03:07:22-:INFO: -- 1号机切换到Rainbow Bubble成功！
2022-12-31 03:07:40-:INFO: -- 2号机切换到Rainbow Bubble成功！
2022-12-31 03:07:58-:INFO: -- 3号机切换到Rainbow Bubble成功！
2022-12-31 03:08:15-:INFO: -- 4号机切换到Rainbow Bubble成功！
2022-12-31 03:08:33-:INFO: -- 5号机切换到Rainbow Bubble成功！
2022-12-31 03:08:51-:INFO: -- 6号机切换到Rainbow Bubble成功！
2022-12-31 03:09:09-:INFO: -- 1号机切换到Autumn Rain Hitting Leaves成功！
2022-12-31 03:09:27-:INFO: -- 2号机切换到Autumn Rain Hitting Leaves成功！
2022-12-31 03:09:44-:INFO: -- 3号机切换到Autumn Rain Hitting Leaves成功！
2022-12-31 03:10:02-:INFO: -- 4号机切换到Autumn Rain Hitting Leaves成功！
2022-12-31 03:10:20-:INFO: -- 5号机切换到Autumn Rain Hitting Leaves成功！
2022-12-31 03:10:37-:INFO: -- 6号机切换到Autumn Rain Hitting Leaves成功！
2022-12-31 03:10:55-:INFO: -- 1号机切换到Space Walk成功！
2022-12-31 03:11:13-:INFO: -- 2号机切换到Space Walk成功！
2022-12-31 03:11:31-:INFO: -- 3号机切换到Space Walk成功！
2022-12-31 03:11:49-:INFO: -- 4号机切换到Space Walk成功！
2022-12-31 03:12:06-:INFO: -- 5号机切换到Space Walk成功！
2022-12-31 03:12:24-:INFO: -- 6号机切换到Space Walk成功！
2022-12-31 03:12:42-:INFO: -- 1号机切换到Crossing the Field成功！
2022-12-31 03:12:59-:INFO: -- 2号机切换到Crossing the Field成功！
2022-12-31 03:13:17-:INFO: -- 3号机切换到Crossing the Field成功！
2022-12-31 03:13:35-:INFO: -- 4号机切换到Crossing the Field成功！
2022-12-31 03:13:52-:INFO: -- 5号机切换到Crossing the Field成功！
2022-12-31 03:14:10-:INFO: -- 6号机切换到Crossing the Field成功！
2022-12-31 03:14:37-:INFO: -- 1号机切换到Morning成功！
2022-12-31 03:14:55-:INFO: -- 2号机切换到Morning成功！
